2019-12-30 12:45:41.690  INFO 59593 --- [main] com.example.demo.DemoApplication         : Starting DemoApplication on MacBook-Pro.lan with PID 59593 (/Users/robertas/GitHub/springboot-jwt-sample/target/classes started by robertas in /Users/robertas/GitHub/springboot-jwt-sample)
2019-12-30 12:45:41.787 DEBUG 59593 --- [main] com.example.demo.DemoApplication         : Running with Spring Boot v2.1.6.RELEASE, Spring v5.1.8.RELEASE
2019-12-30 12:45:41.788  INFO 59593 --- [main] com.example.demo.DemoApplication         : No active profile set, falling back to default profiles: default
2019-12-30 12:45:58.662  INFO 59593 --- [main] .s.d.r.c.RepositoryConfigurationDelegate : Bootstrapping Spring Data repositories in DEFAULT mode.
2019-12-30 12:45:59.448  INFO 59593 --- [main] .s.d.r.c.RepositoryConfigurationDelegate : Finished Spring Data repository scanning in 600ms. Found 20 repository interfaces.
2019-12-30 12:46:01.229  INFO 59593 --- [main] trationDelegate$BeanPostProcessorChecker : Bean 'org.springframework.transaction.annotation.ProxyTransactionManagementConfiguration' of type [org.springframework.transaction.annotation.ProxyTransactionManagementConfiguration$$EnhancerBySpringCGLIB$$8cc9a1a0] is not eligible for getting processed by all BeanPostProcessors (for example: not eligible for auto-proxying)
2019-12-30 12:46:01.421  INFO 59593 --- [main] trationDelegate$BeanPostProcessorChecker : Bean 'org.springframework.hateoas.config.HateoasConfiguration' of type [org.springframework.hateoas.config.HateoasConfiguration$$EnhancerBySpringCGLIB$$c49eed2] is not eligible for getting processed by all BeanPostProcessors (for example: not eligible for auto-proxying)
2019-12-30 12:46:03.849  INFO 59593 --- [main] o.s.b.w.embedded.tomcat.TomcatWebServer  : Tomcat initialized with port(s): 8080 (http)
2019-12-30 12:46:04.098  INFO 59593 --- [main] o.apache.catalina.core.StandardService   : Starting service [Tomcat]
2019-12-30 12:46:04.098  INFO 59593 --- [main] org.apache.catalina.core.StandardEngine  : Starting Servlet engine: [Apache Tomcat/9.0.21]
2019-12-30 12:46:05.729  INFO 59593 --- [main] o.a.c.c.C.[Tomcat].[localhost].[/]       : Initializing Spring embedded WebApplicationContext
2019-12-30 12:46:05.730  INFO 59593 --- [main] o.s.web.context.ContextLoader            : Root WebApplicationContext: initialization completed in 23290 ms
2019-12-30 12:46:07.376  INFO 59593 --- [main] com.zaxxer.hikari.HikariDataSource       : HikariPool-1 - Starting...
2019-12-30 12:46:07.446  WARN 59593 --- [main] com.zaxxer.hikari.util.DriverDataSource  : Registered driver with driverClassName=com.mysql.jdbc.Driver was not found, trying direct instantiation.
2019-12-30 12:46:08.452  INFO 59593 --- [main] com.zaxxer.hikari.HikariDataSource       : HikariPool-1 - Start completed.
2019-12-30 12:46:09.032  INFO 59593 --- [main] o.hibernate.jpa.internal.util.LogHelper  : HHH000204: Processing PersistenceUnitInfo [
	name: default
	...]
2019-12-30 12:46:09.848  INFO 59593 --- [main] org.hibernate.Version                    : HHH000412: Hibernate Core {5.3.10.Final}
2019-12-30 12:46:09.891  INFO 59593 --- [main] org.hibernate.cfg.Environment            : HHH000206: hibernate.properties not found
2019-12-30 12:46:12.511  INFO 59593 --- [main] o.hibernate.annotations.common.Version   : HCANN000001: Hibernate Commons Annotations {5.0.4.Final}
2019-12-30 12:46:13.861  INFO 59593 --- [main] org.hibernate.dialect.Dialect            : HHH000400: Using dialect: org.hibernate.dialect.MySQL5Dialect
2019-12-30 12:46:14.178  INFO 59593 --- [main] o.h.e.j.e.i.LobCreatorBuilderImpl        : HHH000421: Disabling contextual LOB creation as hibernate.jdbc.lob.non_contextual_creation is true
2019-12-30 12:46:37.620  INFO 59593 --- [main] o.h.t.schema.internal.SchemaCreatorImpl  : HHH000476: Executing import script 'ScriptSourceInputFromUrl(file:/Users/robertas/GitHub/springboot-jwt-sample/target/classes/import.sql)'
2019-12-30 12:46:37.792  INFO 59593 --- [main] j.LocalContainerEntityManagerFactoryBean : Initialized JPA EntityManagerFactory for persistence unit 'default'
2019-12-30 12:46:46.518  INFO 59593 --- [main] o.s.c.ehcache.EhCacheManagerFactoryBean  : Initializing EhCache CacheManager
2019-12-30 12:46:46.735  WARN 59593 --- [main] n.sf.ehcache.config.CacheConfiguration   : Configuration problem for cache course: MaxEntriesLocalHeap equal or greater than MaxEntriesLocalDisk. This will result in useless disk storage.
2019-12-30 12:46:46.909  WARN 59593 --- [main] n.sf.ehcache.config.CacheConfiguration   : Configuration problem for cache classroom: MaxEntriesLocalHeap equal or greater than MaxEntriesLocalDisk. This will result in useless disk storage.
2019-12-30 12:46:46.922  WARN 59593 --- [main] n.sf.ehcache.config.CacheConfiguration   : Configuration problem for cache user: MaxEntriesLocalHeap equal or greater than MaxEntriesLocalDisk. This will result in useless disk storage.
2019-12-30 12:46:47.136  INFO 59593 --- [main] pertySourcedRequestMappingHandlerMapping : Mapped URL path [/v2/api-docs] onto method [public org.springframework.http.ResponseEntity<springfox.documentation.spring.web.json.Json> springfox.documentation.swagger2.web.Swagger2Controller.getDocumentation(java.lang.String,javax.servlet.http.HttpServletRequest)]
2019-12-30 12:46:49.139  INFO 59593 --- [main] o.s.c.fs.io.FileSystemResourceLoader     : Defaulting filesystem root to /var/folders/2f/c0y_7yln2wv88xx2klmjjwyr0000gn/T/3764694599699742434
2019-12-30 12:46:50.083 DEBUG 59593 --- [main] eGlobalAuthenticationAutowiredConfigurer : Eagerly initializing {org.springframework.boot.autoconfigure.security.servlet.WebSecurityEnablerConfiguration=org.springframework.boot.autoconfigure.security.servlet.WebSecurityEnablerConfiguration$$EnhancerBySpringCGLIB$$aa58cbd5@28521ed5}
2019-12-30 12:46:51.186  INFO 59593 --- [main] o.s.s.web.DefaultSecurityFilterChain     : Creating filter chain: Ant [pattern='/v2/api-docs'], []
2019-12-30 12:46:51.187  INFO 59593 --- [main] o.s.s.web.DefaultSecurityFilterChain     : Creating filter chain: Ant [pattern='/configuration/ui'], []
2019-12-30 12:46:51.187  INFO 59593 --- [main] o.s.s.web.DefaultSecurityFilterChain     : Creating filter chain: Ant [pattern='/swagger-resources/**'], []
2019-12-30 12:46:51.187  INFO 59593 --- [main] o.s.s.web.DefaultSecurityFilterChain     : Creating filter chain: Ant [pattern='/configuration/security'], []
2019-12-30 12:46:51.187  INFO 59593 --- [main] o.s.s.web.DefaultSecurityFilterChain     : Creating filter chain: Ant [pattern='/swagger-ui.html'], []
2019-12-30 12:46:51.187  INFO 59593 --- [main] o.s.s.web.DefaultSecurityFilterChain     : Creating filter chain: Ant [pattern='/webjars/**'], []
2019-12-30 12:46:51.419  INFO 59593 --- [main] o.s.s.web.DefaultSecurityFilterChain     : Creating filter chain: any request, [org.springframework.security.web.context.request.async.WebAsyncManagerIntegrationFilter@4d3bde85, org.springframework.security.web.context.SecurityContextPersistenceFilter@65fe1f47, org.springframework.security.web.header.HeaderWriterFilter@2148849f, org.springframework.web.filter.CorsFilter@f5b4ca6, org.springframework.security.web.authentication.logout.LogoutFilter@5e8a678a, org.springframework.security.web.savedrequest.RequestCacheAwareFilter@2165d4ab, org.springframework.security.web.servletapi.SecurityContextHolderAwareRequestFilter@7a1878d, org.springframework.security.web.authentication.AnonymousAuthenticationFilter@260ccf0, org.springframework.security.web.session.SessionManagementFilter@2111d7b9, org.springframework.security.web.access.ExceptionTranslationFilter@397f925e]
2019-12-30 12:46:51.841  INFO 59593 --- [main] d.s.w.p.DocumentationPluginsBootstrapper : Context refreshed
2019-12-30 12:46:52.096  INFO 59593 --- [main] d.s.w.p.DocumentationPluginsBootstrapper : Found 1 custom documentation plugin(s)
2019-12-30 12:46:52.375  INFO 59593 --- [main] s.d.s.w.s.ApiListingReferenceScanner     : Scanning for api listing references
2019-12-30 12:46:53.392  INFO 59593 --- [main] .d.s.w.r.o.CachingOperationNameGenerator : Generating unique operation named: addUsingPUT_1
2019-12-30 12:46:53.396  INFO 59593 --- [main] .d.s.w.r.o.CachingOperationNameGenerator : Generating unique operation named: findAllUsingGET_1
2019-12-30 12:46:53.400  INFO 59593 --- [main] .d.s.w.r.o.CachingOperationNameGenerator : Generating unique operation named: findByIdUsingGET_1
2019-12-30 12:46:53.403  INFO 59593 --- [main] .d.s.w.r.o.CachingOperationNameGenerator : Generating unique operation named: updateUsingPOST_1
2019-12-30 12:46:53.410  INFO 59593 --- [main] .d.s.w.r.o.CachingOperationNameGenerator : Generating unique operation named: findAllUsingGET_2
2019-12-30 12:46:53.418  INFO 59593 --- [main] .d.s.w.r.o.CachingOperationNameGenerator : Generating unique operation named: addUsingPUT_2
2019-12-30 12:46:53.421  INFO 59593 --- [main] .d.s.w.r.o.CachingOperationNameGenerator : Generating unique operation named: deleteUsingDELETE_1
2019-12-30 12:46:53.425  INFO 59593 --- [main] .d.s.w.r.o.CachingOperationNameGenerator : Generating unique operation named: findAllUsingGET_3
2019-12-30 12:46:53.483  INFO 59593 --- [main] .d.s.w.r.o.CachingOperationNameGenerator : Generating unique operation named: findByIdUsingGET_2
2019-12-30 12:46:53.552  INFO 59593 --- [main] .d.s.w.r.o.CachingOperationNameGenerator : Generating unique operation named: updateUsingPOST_2
2019-12-30 12:46:53.558  INFO 59593 --- [main] .d.s.w.r.o.CachingOperationNameGenerator : Generating unique operation named: addUsingPUT_3
2019-12-30 12:46:53.561  INFO 59593 --- [main] .d.s.w.r.o.CachingOperationNameGenerator : Generating unique operation named: deleteUsingDELETE_2
2019-12-30 12:46:53.564  INFO 59593 --- [main] .d.s.w.r.o.CachingOperationNameGenerator : Generating unique operation named: findAllUsingGET_4
2019-12-30 12:46:53.566  INFO 59593 --- [main] .d.s.w.r.o.CachingOperationNameGenerator : Generating unique operation named: updateUsingPOST_3
2019-12-30 12:46:53.574  INFO 59593 --- [main] .d.s.w.r.o.CachingOperationNameGenerator : Generating unique operation named: findByIdUsingGET_3
2019-12-30 12:46:53.587  INFO 59593 --- [main] .d.s.w.r.o.CachingOperationNameGenerator : Generating unique operation named: findAllUsingGET_5
2019-12-30 12:46:53.592  INFO 59593 --- [main] .d.s.w.r.o.CachingOperationNameGenerator : Generating unique operation named: findAllUsingGET_6
2019-12-30 12:46:53.621  INFO 59593 --- [main] .d.s.w.r.o.CachingOperationNameGenerator : Generating unique operation named: addUsingPUT_4
2019-12-30 12:46:53.624  INFO 59593 --- [main] .d.s.w.r.o.CachingOperationNameGenerator : Generating unique operation named: deleteUsingDELETE_3
2019-12-30 12:46:53.630  INFO 59593 --- [main] .d.s.w.r.o.CachingOperationNameGenerator : Generating unique operation named: findAllUsingGET_7
2019-12-30 12:46:53.639  INFO 59593 --- [main] .d.s.w.r.o.CachingOperationNameGenerator : Generating unique operation named: findByIdUsingGET_4
2019-12-30 12:46:53.643  INFO 59593 --- [main] .d.s.w.r.o.CachingOperationNameGenerator : Generating unique operation named: rateUsingPOST_1
2019-12-30 12:46:53.650  INFO 59593 --- [main] .d.s.w.r.o.CachingOperationNameGenerator : Generating unique operation named: updateUsingPOST_4
2019-12-30 12:46:53.658  INFO 59593 --- [main] .d.s.w.r.o.CachingOperationNameGenerator : Generating unique operation named: addUsingPUT_5
2019-12-30 12:46:53.661  INFO 59593 --- [main] .d.s.w.r.o.CachingOperationNameGenerator : Generating unique operation named: deleteUsingDELETE_4
2019-12-30 12:46:53.664  INFO 59593 --- [main] .d.s.w.r.o.CachingOperationNameGenerator : Generating unique operation named: findAllUsingGET_8
2019-12-30 12:46:53.667  INFO 59593 --- [main] .d.s.w.r.o.CachingOperationNameGenerator : Generating unique operation named: updateUsingPOST_5
2019-12-30 12:46:53.684  INFO 59593 --- [main] .d.s.w.r.o.CachingOperationNameGenerator : Generating unique operation named: addUsingPUT_6
2019-12-30 12:46:53.686  INFO 59593 --- [main] .d.s.w.r.o.CachingOperationNameGenerator : Generating unique operation named: deleteUsingDELETE_5
2019-12-30 12:46:53.692  INFO 59593 --- [main] .d.s.w.r.o.CachingOperationNameGenerator : Generating unique operation named: findAllUsingGET_9
2019-12-30 12:46:53.696  INFO 59593 --- [main] .d.s.w.r.o.CachingOperationNameGenerator : Generating unique operation named: findByCourseIdUsingGET_1
2019-12-30 12:46:53.700  INFO 59593 --- [main] .d.s.w.r.o.CachingOperationNameGenerator : Generating unique operation named: findByIdUsingGET_5
2019-12-30 12:46:53.703  INFO 59593 --- [main] .d.s.w.r.o.CachingOperationNameGenerator : Generating unique operation named: rateUsingPOST_2
2019-12-30 12:46:53.710  INFO 59593 --- [main] .d.s.w.r.o.CachingOperationNameGenerator : Generating unique operation named: updateUsingPOST_6
2019-12-30 12:46:53.714  INFO 59593 --- [main] .d.s.w.r.o.CachingOperationNameGenerator : Generating unique operation named: findAllUsingGET_10
2019-12-30 12:46:53.732  INFO 59593 --- [main] .d.s.w.r.o.CachingOperationNameGenerator : Generating unique operation named: addUsingPUT_7
2019-12-30 12:46:53.734  INFO 59593 --- [main] .d.s.w.r.o.CachingOperationNameGenerator : Generating unique operation named: deleteUsingDELETE_6
2019-12-30 12:46:53.739  INFO 59593 --- [main] .d.s.w.r.o.CachingOperationNameGenerator : Generating unique operation named: findAllUsingGET_11
2019-12-30 12:46:53.742  INFO 59593 --- [main] .d.s.w.r.o.CachingOperationNameGenerator : Generating unique operation named: findByIdUsingGET_6
2019-12-30 12:46:53.750  INFO 59593 --- [main] .d.s.w.r.o.CachingOperationNameGenerator : Generating unique operation named: updateUsingPOST_7
2019-12-30 12:46:53.810  INFO 59593 --- [main] .d.s.w.r.o.CachingOperationNameGenerator : Generating unique operation named: deleteUsingDELETE_7
2019-12-30 12:46:54.190  INFO 59593 --- [main] o.s.b.w.embedded.tomcat.TomcatWebServer  : Tomcat started on port(s): 8080 (http) with context path ''
2019-12-30 12:46:54.223  INFO 59593 --- [main] com.example.demo.DemoApplication         : Started DemoApplication in 77.257 seconds (JVM running for 82.392)
2019-12-30 12:48:50.052  INFO 59593 --- [http-nio-8080-exec-1] o.a.c.c.C.[Tomcat].[localhost].[/]       : Initializing Spring DispatcherServlet 'dispatcherServlet'
2019-12-30 12:48:50.069  INFO 59593 --- [http-nio-8080-exec-1] o.s.web.servlet.DispatcherServlet        : Initializing Servlet 'dispatcherServlet'
2019-12-30 12:48:50.159  INFO 59593 --- [http-nio-8080-exec-1] o.s.web.servlet.DispatcherServlet        : Completed initialization in 89 ms
2019-12-30 12:48:50.223 DEBUG 59593 --- [http-nio-8080-exec-1] o.s.s.w.u.matcher.AntPathRequestMatcher  : Checking match of request : '/quiz'; against '/v2/api-docs'
2019-12-30 12:48:50.224 DEBUG 59593 --- [http-nio-8080-exec-1] o.s.s.w.u.matcher.AntPathRequestMatcher  : Checking match of request : '/quiz'; against '/configuration/ui'
2019-12-30 12:48:50.224 DEBUG 59593 --- [http-nio-8080-exec-1] o.s.s.w.u.matcher.AntPathRequestMatcher  : Checking match of request : '/quiz'; against '/swagger-resources/**'
2019-12-30 12:48:50.224 DEBUG 59593 --- [http-nio-8080-exec-1] o.s.s.w.u.matcher.AntPathRequestMatcher  : Checking match of request : '/quiz'; against '/configuration/security'
2019-12-30 12:48:50.224 DEBUG 59593 --- [http-nio-8080-exec-1] o.s.s.w.u.matcher.AntPathRequestMatcher  : Checking match of request : '/quiz'; against '/swagger-ui.html'
2019-12-30 12:48:50.224 DEBUG 59593 --- [http-nio-8080-exec-1] o.s.s.w.u.matcher.AntPathRequestMatcher  : Checking match of request : '/quiz'; against '/webjars/**'
2019-12-30 12:48:50.237 DEBUG 59593 --- [http-nio-8080-exec-1] o.s.security.web.FilterChainProxy        : /quiz at position 1 of 10 in additional filter chain; firing Filter: 'WebAsyncManagerIntegrationFilter'
2019-12-30 12:48:50.239 DEBUG 59593 --- [http-nio-8080-exec-1] o.s.security.web.FilterChainProxy        : /quiz at position 2 of 10 in additional filter chain; firing Filter: 'SecurityContextPersistenceFilter'
2019-12-30 12:48:50.240 DEBUG 59593 --- [http-nio-8080-exec-1] w.c.HttpSessionSecurityContextRepository : No HttpSession currently exists
2019-12-30 12:48:50.241 DEBUG 59593 --- [http-nio-8080-exec-1] w.c.HttpSessionSecurityContextRepository : No SecurityContext was available from the HttpSession: null. A new one will be created.
2019-12-30 12:48:50.245 DEBUG 59593 --- [http-nio-8080-exec-1] o.s.security.web.FilterChainProxy        : /quiz at position 3 of 10 in additional filter chain; firing Filter: 'HeaderWriterFilter'
2019-12-30 12:48:50.247 DEBUG 59593 --- [http-nio-8080-exec-1] o.s.security.web.FilterChainProxy        : /quiz at position 4 of 10 in additional filter chain; firing Filter: 'CorsFilter'
2019-12-30 12:48:50.316 DEBUG 59593 --- [http-nio-8080-exec-1] o.s.security.web.FilterChainProxy        : /quiz at position 5 of 10 in additional filter chain; firing Filter: 'LogoutFilter'
2019-12-30 12:48:50.317 DEBUG 59593 --- [http-nio-8080-exec-1] o.s.s.web.util.matcher.OrRequestMatcher  : Trying to match using Ant [pattern='/logout', GET]
2019-12-30 12:48:50.317 DEBUG 59593 --- [http-nio-8080-exec-1] o.s.s.w.u.matcher.AntPathRequestMatcher  : Checking match of request : '/quiz'; against '/logout'
2019-12-30 12:48:50.317 DEBUG 59593 --- [http-nio-8080-exec-1] o.s.s.web.util.matcher.OrRequestMatcher  : Trying to match using Ant [pattern='/logout', POST]
2019-12-30 12:48:50.318 DEBUG 59593 --- [http-nio-8080-exec-1] o.s.s.w.u.matcher.AntPathRequestMatcher  : Request 'GET /quiz' doesn't match 'POST /logout'
2019-12-30 12:48:50.318 DEBUG 59593 --- [http-nio-8080-exec-1] o.s.s.web.util.matcher.OrRequestMatcher  : Trying to match using Ant [pattern='/logout', PUT]
2019-12-30 12:48:50.318 DEBUG 59593 --- [http-nio-8080-exec-1] o.s.s.w.u.matcher.AntPathRequestMatcher  : Request 'GET /quiz' doesn't match 'PUT /logout'
2019-12-30 12:48:50.318 DEBUG 59593 --- [http-nio-8080-exec-1] o.s.s.web.util.matcher.OrRequestMatcher  : Trying to match using Ant [pattern='/logout', DELETE]
2019-12-30 12:48:50.318 DEBUG 59593 --- [http-nio-8080-exec-1] o.s.s.w.u.matcher.AntPathRequestMatcher  : Request 'GET /quiz' doesn't match 'DELETE /logout'
2019-12-30 12:48:50.318 DEBUG 59593 --- [http-nio-8080-exec-1] o.s.s.web.util.matcher.OrRequestMatcher  : No matches found
2019-12-30 12:48:50.318 DEBUG 59593 --- [http-nio-8080-exec-1] o.s.security.web.FilterChainProxy        : /quiz at position 6 of 10 in additional filter chain; firing Filter: 'RequestCacheAwareFilter'
2019-12-30 12:48:50.319 DEBUG 59593 --- [http-nio-8080-exec-1] o.s.s.w.s.HttpSessionRequestCache        : saved request doesn't match
2019-12-30 12:48:50.319 DEBUG 59593 --- [http-nio-8080-exec-1] o.s.security.web.FilterChainProxy        : /quiz at position 7 of 10 in additional filter chain; firing Filter: 'SecurityContextHolderAwareRequestFilter'
2019-12-30 12:48:50.322 DEBUG 59593 --- [http-nio-8080-exec-1] o.s.security.web.FilterChainProxy        : /quiz at position 8 of 10 in additional filter chain; firing Filter: 'AnonymousAuthenticationFilter'
2019-12-30 12:48:50.325 DEBUG 59593 --- [http-nio-8080-exec-1] o.s.s.w.a.AnonymousAuthenticationFilter  : Populated SecurityContextHolder with anonymous token: 'org.springframework.security.authentication.AnonymousAuthenticationToken@8a85037d: Principal: anonymousUser; Credentials: [PROTECTED]; Authenticated: true; Details: org.springframework.security.web.authentication.WebAuthenticationDetails@b364: RemoteIpAddress: 0:0:0:0:0:0:0:1; SessionId: null; Granted Authorities: ROLE_ANONYMOUS'
2019-12-30 12:48:50.326 DEBUG 59593 --- [http-nio-8080-exec-1] o.s.security.web.FilterChainProxy        : /quiz at position 9 of 10 in additional filter chain; firing Filter: 'SessionManagementFilter'
2019-12-30 12:48:50.326 DEBUG 59593 --- [http-nio-8080-exec-1] o.s.security.web.FilterChainProxy        : /quiz at position 10 of 10 in additional filter chain; firing Filter: 'ExceptionTranslationFilter'
2019-12-30 12:48:50.326 DEBUG 59593 --- [http-nio-8080-exec-1] o.s.security.web.FilterChainProxy        : /quiz reached end of additional filter chain; proceeding with original chain
2019-12-30 12:48:50.514  INFO 59593 --- [http-nio-8080-exec-1] o.h.h.i.QueryTranslatorFactoryInitiator  : HHH000397: Using ASTQueryTranslatorFactory
2019-12-30 12:48:51.579 DEBUG 59593 --- [http-nio-8080-exec-1] o.s.s.w.header.writers.HstsHeaderWriter  : Not injecting HSTS header since it did not match the requestMatcher org.springframework.security.web.header.writers.HstsHeaderWriter$SecureRequestMatcher@488e9987
2019-12-30 12:48:51.580 DEBUG 59593 --- [http-nio-8080-exec-1] w.c.HttpSessionSecurityContextRepository : SecurityContext is empty or contents are anonymous - context will not be stored in HttpSession.
2019-12-30 12:48:51.611 DEBUG 59593 --- [http-nio-8080-exec-1] o.s.s.w.a.ExceptionTranslationFilter     : Chain processed normally
2019-12-30 12:48:51.612 DEBUG 59593 --- [http-nio-8080-exec-1] s.s.w.c.SecurityContextPersistenceFilter : SecurityContextHolder now cleared, as request processing completed
2019-12-30 12:48:53.735 DEBUG 59593 --- [http-nio-8080-exec-2] o.s.s.w.u.matcher.AntPathRequestMatcher  : Checking match of request : '/quiz/1'; against '/v2/api-docs'
2019-12-30 12:48:53.735 DEBUG 59593 --- [http-nio-8080-exec-2] o.s.s.w.u.matcher.AntPathRequestMatcher  : Checking match of request : '/quiz/1'; against '/configuration/ui'
2019-12-30 12:48:53.736 DEBUG 59593 --- [http-nio-8080-exec-2] o.s.s.w.u.matcher.AntPathRequestMatcher  : Checking match of request : '/quiz/1'; against '/swagger-resources/**'
2019-12-30 12:48:53.736 DEBUG 59593 --- [http-nio-8080-exec-2] o.s.s.w.u.matcher.AntPathRequestMatcher  : Checking match of request : '/quiz/1'; against '/configuration/security'
2019-12-30 12:48:53.736 DEBUG 59593 --- [http-nio-8080-exec-2] o.s.s.w.u.matcher.AntPathRequestMatcher  : Checking match of request : '/quiz/1'; against '/swagger-ui.html'
2019-12-30 12:48:53.736 DEBUG 59593 --- [http-nio-8080-exec-2] o.s.s.w.u.matcher.AntPathRequestMatcher  : Checking match of request : '/quiz/1'; against '/webjars/**'
2019-12-30 12:48:53.736 DEBUG 59593 --- [http-nio-8080-exec-2] o.s.security.web.FilterChainProxy        : /quiz/1 at position 1 of 10 in additional filter chain; firing Filter: 'WebAsyncManagerIntegrationFilter'
2019-12-30 12:48:53.736 DEBUG 59593 --- [http-nio-8080-exec-2] o.s.security.web.FilterChainProxy        : /quiz/1 at position 2 of 10 in additional filter chain; firing Filter: 'SecurityContextPersistenceFilter'
2019-12-30 12:48:53.736 DEBUG 59593 --- [http-nio-8080-exec-2] w.c.HttpSessionSecurityContextRepository : No HttpSession currently exists
2019-12-30 12:48:53.741 DEBUG 59593 --- [http-nio-8080-exec-2] w.c.HttpSessionSecurityContextRepository : No SecurityContext was available from the HttpSession: null. A new one will be created.
2019-12-30 12:48:53.741 DEBUG 59593 --- [http-nio-8080-exec-2] o.s.security.web.FilterChainProxy        : /quiz/1 at position 3 of 10 in additional filter chain; firing Filter: 'HeaderWriterFilter'
2019-12-30 12:48:53.742 DEBUG 59593 --- [http-nio-8080-exec-2] o.s.security.web.FilterChainProxy        : /quiz/1 at position 4 of 10 in additional filter chain; firing Filter: 'CorsFilter'
2019-12-30 12:48:53.743 DEBUG 59593 --- [http-nio-8080-exec-2] o.s.security.web.FilterChainProxy        : /quiz/1 at position 5 of 10 in additional filter chain; firing Filter: 'LogoutFilter'
2019-12-30 12:48:53.743 DEBUG 59593 --- [http-nio-8080-exec-2] o.s.s.web.util.matcher.OrRequestMatcher  : Trying to match using Ant [pattern='/logout', GET]
2019-12-30 12:48:53.743 DEBUG 59593 --- [http-nio-8080-exec-2] o.s.s.w.u.matcher.AntPathRequestMatcher  : Checking match of request : '/quiz/1'; against '/logout'
2019-12-30 12:48:53.743 DEBUG 59593 --- [http-nio-8080-exec-2] o.s.s.web.util.matcher.OrRequestMatcher  : Trying to match using Ant [pattern='/logout', POST]
2019-12-30 12:48:53.743 DEBUG 59593 --- [http-nio-8080-exec-2] o.s.s.w.u.matcher.AntPathRequestMatcher  : Request 'GET /quiz/1' doesn't match 'POST /logout'
2019-12-30 12:48:53.743 DEBUG 59593 --- [http-nio-8080-exec-2] o.s.s.web.util.matcher.OrRequestMatcher  : Trying to match using Ant [pattern='/logout', PUT]
2019-12-30 12:48:53.743 DEBUG 59593 --- [http-nio-8080-exec-2] o.s.s.w.u.matcher.AntPathRequestMatcher  : Request 'GET /quiz/1' doesn't match 'PUT /logout'
2019-12-30 12:48:53.744 DEBUG 59593 --- [http-nio-8080-exec-2] o.s.s.web.util.matcher.OrRequestMatcher  : Trying to match using Ant [pattern='/logout', DELETE]
2019-12-30 12:48:53.745 DEBUG 59593 --- [http-nio-8080-exec-2] o.s.s.w.u.matcher.AntPathRequestMatcher  : Request 'GET /quiz/1' doesn't match 'DELETE /logout'
2019-12-30 12:48:53.745 DEBUG 59593 --- [http-nio-8080-exec-2] o.s.s.web.util.matcher.OrRequestMatcher  : No matches found
2019-12-30 12:48:53.745 DEBUG 59593 --- [http-nio-8080-exec-2] o.s.security.web.FilterChainProxy        : /quiz/1 at position 6 of 10 in additional filter chain; firing Filter: 'RequestCacheAwareFilter'
2019-12-30 12:48:53.745 DEBUG 59593 --- [http-nio-8080-exec-2] o.s.s.w.s.HttpSessionRequestCache        : saved request doesn't match
2019-12-30 12:48:53.745 DEBUG 59593 --- [http-nio-8080-exec-2] o.s.security.web.FilterChainProxy        : /quiz/1 at position 7 of 10 in additional filter chain; firing Filter: 'SecurityContextHolderAwareRequestFilter'
2019-12-30 12:48:53.745 DEBUG 59593 --- [http-nio-8080-exec-2] o.s.security.web.FilterChainProxy        : /quiz/1 at position 8 of 10 in additional filter chain; firing Filter: 'AnonymousAuthenticationFilter'
2019-12-30 12:48:53.745 DEBUG 59593 --- [http-nio-8080-exec-2] o.s.s.w.a.AnonymousAuthenticationFilter  : Populated SecurityContextHolder with anonymous token: 'org.springframework.security.authentication.AnonymousAuthenticationToken@8a85037d: Principal: anonymousUser; Credentials: [PROTECTED]; Authenticated: true; Details: org.springframework.security.web.authentication.WebAuthenticationDetails@b364: RemoteIpAddress: 0:0:0:0:0:0:0:1; SessionId: null; Granted Authorities: ROLE_ANONYMOUS'
2019-12-30 12:48:53.745 DEBUG 59593 --- [http-nio-8080-exec-2] o.s.security.web.FilterChainProxy        : /quiz/1 at position 9 of 10 in additional filter chain; firing Filter: 'SessionManagementFilter'
2019-12-30 12:48:53.746 DEBUG 59593 --- [http-nio-8080-exec-2] o.s.security.web.FilterChainProxy        : /quiz/1 at position 10 of 10 in additional filter chain; firing Filter: 'ExceptionTranslationFilter'
2019-12-30 12:48:53.746 DEBUG 59593 --- [http-nio-8080-exec-2] o.s.security.web.FilterChainProxy        : /quiz/1 reached end of additional filter chain; proceeding with original chain
2019-12-30 12:48:53.892 DEBUG 59593 --- [http-nio-8080-exec-2] o.s.s.w.header.writers.HstsHeaderWriter  : Not injecting HSTS header since it did not match the requestMatcher org.springframework.security.web.header.writers.HstsHeaderWriter$SecureRequestMatcher@488e9987
2019-12-30 12:48:53.893 DEBUG 59593 --- [http-nio-8080-exec-2] w.c.HttpSessionSecurityContextRepository : SecurityContext is empty or contents are anonymous - context will not be stored in HttpSession.
2019-12-30 12:48:53.895 DEBUG 59593 --- [http-nio-8080-exec-2] o.s.s.w.a.ExceptionTranslationFilter     : Chain processed normally
2019-12-30 12:48:53.896 DEBUG 59593 --- [http-nio-8080-exec-2] s.s.w.c.SecurityContextPersistenceFilter : SecurityContextHolder now cleared, as request processing completed
2019-12-30 12:49:15.065 DEBUG 59593 --- [http-nio-8080-exec-3] o.s.s.w.u.matcher.AntPathRequestMatcher  : Checking match of request : '/quiz'; against '/v2/api-docs'
2019-12-30 12:49:15.093 DEBUG 59593 --- [http-nio-8080-exec-3] o.s.s.w.u.matcher.AntPathRequestMatcher  : Checking match of request : '/quiz'; against '/configuration/ui'
2019-12-30 12:49:15.093 DEBUG 59593 --- [http-nio-8080-exec-3] o.s.s.w.u.matcher.AntPathRequestMatcher  : Checking match of request : '/quiz'; against '/swagger-resources/**'
2019-12-30 12:49:15.093 DEBUG 59593 --- [http-nio-8080-exec-3] o.s.s.w.u.matcher.AntPathRequestMatcher  : Checking match of request : '/quiz'; against '/configuration/security'
2019-12-30 12:49:15.094 DEBUG 59593 --- [http-nio-8080-exec-3] o.s.s.w.u.matcher.AntPathRequestMatcher  : Checking match of request : '/quiz'; against '/swagger-ui.html'
2019-12-30 12:49:15.094 DEBUG 59593 --- [http-nio-8080-exec-3] o.s.s.w.u.matcher.AntPathRequestMatcher  : Checking match of request : '/quiz'; against '/webjars/**'
2019-12-30 12:49:15.094 DEBUG 59593 --- [http-nio-8080-exec-3] o.s.security.web.FilterChainProxy        : /quiz at position 1 of 10 in additional filter chain; firing Filter: 'WebAsyncManagerIntegrationFilter'
2019-12-30 12:49:15.095 DEBUG 59593 --- [http-nio-8080-exec-3] o.s.security.web.FilterChainProxy        : /quiz at position 2 of 10 in additional filter chain; firing Filter: 'SecurityContextPersistenceFilter'
2019-12-30 12:49:15.095 DEBUG 59593 --- [http-nio-8080-exec-3] w.c.HttpSessionSecurityContextRepository : No HttpSession currently exists
2019-12-30 12:49:15.095 DEBUG 59593 --- [http-nio-8080-exec-3] w.c.HttpSessionSecurityContextRepository : No SecurityContext was available from the HttpSession: null. A new one will be created.
2019-12-30 12:49:15.096 DEBUG 59593 --- [http-nio-8080-exec-3] o.s.security.web.FilterChainProxy        : /quiz at position 3 of 10 in additional filter chain; firing Filter: 'HeaderWriterFilter'
2019-12-30 12:49:15.097 DEBUG 59593 --- [http-nio-8080-exec-3] o.s.security.web.FilterChainProxy        : /quiz at position 4 of 10 in additional filter chain; firing Filter: 'CorsFilter'
2019-12-30 12:49:15.109 DEBUG 59593 --- [http-nio-8080-exec-3] o.s.s.w.header.writers.HstsHeaderWriter  : Not injecting HSTS header since it did not match the requestMatcher org.springframework.security.web.header.writers.HstsHeaderWriter$SecureRequestMatcher@488e9987
2019-12-30 12:49:15.110 DEBUG 59593 --- [http-nio-8080-exec-3] w.c.HttpSessionSecurityContextRepository : SecurityContext is empty or contents are anonymous - context will not be stored in HttpSession.
2019-12-30 12:49:15.110 DEBUG 59593 --- [http-nio-8080-exec-3] s.s.w.c.SecurityContextPersistenceFilter : SecurityContextHolder now cleared, as request processing completed
2019-12-30 12:49:15.119 DEBUG 59593 --- [http-nio-8080-exec-4] o.s.s.w.u.matcher.AntPathRequestMatcher  : Checking match of request : '/quiz'; against '/v2/api-docs'
2019-12-30 12:49:15.119 DEBUG 59593 --- [http-nio-8080-exec-4] o.s.s.w.u.matcher.AntPathRequestMatcher  : Checking match of request : '/quiz'; against '/configuration/ui'
2019-12-30 12:49:15.119 DEBUG 59593 --- [http-nio-8080-exec-4] o.s.s.w.u.matcher.AntPathRequestMatcher  : Checking match of request : '/quiz'; against '/swagger-resources/**'
2019-12-30 12:49:15.119 DEBUG 59593 --- [http-nio-8080-exec-4] o.s.s.w.u.matcher.AntPathRequestMatcher  : Checking match of request : '/quiz'; against '/configuration/security'
2019-12-30 12:49:15.119 DEBUG 59593 --- [http-nio-8080-exec-4] o.s.s.w.u.matcher.AntPathRequestMatcher  : Checking match of request : '/quiz'; against '/swagger-ui.html'
2019-12-30 12:49:15.119 DEBUG 59593 --- [http-nio-8080-exec-4] o.s.s.w.u.matcher.AntPathRequestMatcher  : Checking match of request : '/quiz'; against '/webjars/**'
2019-12-30 12:49:15.120 DEBUG 59593 --- [http-nio-8080-exec-4] o.s.security.web.FilterChainProxy        : /quiz at position 1 of 10 in additional filter chain; firing Filter: 'WebAsyncManagerIntegrationFilter'
2019-12-30 12:49:15.121 DEBUG 59593 --- [http-nio-8080-exec-4] o.s.security.web.FilterChainProxy        : /quiz at position 2 of 10 in additional filter chain; firing Filter: 'SecurityContextPersistenceFilter'
2019-12-30 12:49:15.121 DEBUG 59593 --- [http-nio-8080-exec-4] w.c.HttpSessionSecurityContextRepository : No HttpSession currently exists
2019-12-30 12:49:15.122 DEBUG 59593 --- [http-nio-8080-exec-4] w.c.HttpSessionSecurityContextRepository : No SecurityContext was available from the HttpSession: null. A new one will be created.
2019-12-30 12:49:15.122 DEBUG 59593 --- [http-nio-8080-exec-4] o.s.security.web.FilterChainProxy        : /quiz at position 3 of 10 in additional filter chain; firing Filter: 'HeaderWriterFilter'
2019-12-30 12:49:15.122 DEBUG 59593 --- [http-nio-8080-exec-4] o.s.security.web.FilterChainProxy        : /quiz at position 4 of 10 in additional filter chain; firing Filter: 'CorsFilter'
2019-12-30 12:49:15.129 DEBUG 59593 --- [http-nio-8080-exec-4] o.s.security.web.FilterChainProxy        : /quiz at position 5 of 10 in additional filter chain; firing Filter: 'LogoutFilter'
2019-12-30 12:49:15.130 DEBUG 59593 --- [http-nio-8080-exec-4] o.s.s.web.util.matcher.OrRequestMatcher  : Trying to match using Ant [pattern='/logout', GET]
2019-12-30 12:49:15.130 DEBUG 59593 --- [http-nio-8080-exec-4] o.s.s.w.u.matcher.AntPathRequestMatcher  : Request 'PUT /quiz' doesn't match 'GET /logout'
2019-12-30 12:49:15.131 DEBUG 59593 --- [http-nio-8080-exec-4] o.s.s.web.util.matcher.OrRequestMatcher  : Trying to match using Ant [pattern='/logout', POST]
2019-12-30 12:49:15.131 DEBUG 59593 --- [http-nio-8080-exec-4] o.s.s.w.u.matcher.AntPathRequestMatcher  : Request 'PUT /quiz' doesn't match 'POST /logout'
2019-12-30 12:49:15.131 DEBUG 59593 --- [http-nio-8080-exec-4] o.s.s.web.util.matcher.OrRequestMatcher  : Trying to match using Ant [pattern='/logout', PUT]
2019-12-30 12:49:15.131 DEBUG 59593 --- [http-nio-8080-exec-4] o.s.s.w.u.matcher.AntPathRequestMatcher  : Checking match of request : '/quiz'; against '/logout'
2019-12-30 12:49:15.131 DEBUG 59593 --- [http-nio-8080-exec-4] o.s.s.web.util.matcher.OrRequestMatcher  : Trying to match using Ant [pattern='/logout', DELETE]
2019-12-30 12:49:15.131 DEBUG 59593 --- [http-nio-8080-exec-4] o.s.s.w.u.matcher.AntPathRequestMatcher  : Request 'PUT /quiz' doesn't match 'DELETE /logout'
2019-12-30 12:49:15.131 DEBUG 59593 --- [http-nio-8080-exec-4] o.s.s.web.util.matcher.OrRequestMatcher  : No matches found
2019-12-30 12:49:15.132 DEBUG 59593 --- [http-nio-8080-exec-4] o.s.security.web.FilterChainProxy        : /quiz at position 6 of 10 in additional filter chain; firing Filter: 'RequestCacheAwareFilter'
2019-12-30 12:49:15.132 DEBUG 59593 --- [http-nio-8080-exec-4] o.s.s.w.s.HttpSessionRequestCache        : saved request doesn't match
2019-12-30 12:49:15.132 DEBUG 59593 --- [http-nio-8080-exec-4] o.s.security.web.FilterChainProxy        : /quiz at position 7 of 10 in additional filter chain; firing Filter: 'SecurityContextHolderAwareRequestFilter'
2019-12-30 12:49:15.132 DEBUG 59593 --- [http-nio-8080-exec-4] o.s.security.web.FilterChainProxy        : /quiz at position 8 of 10 in additional filter chain; firing Filter: 'AnonymousAuthenticationFilter'
2019-12-30 12:49:15.133 DEBUG 59593 --- [http-nio-8080-exec-4] o.s.s.w.a.AnonymousAuthenticationFilter  : Populated SecurityContextHolder with anonymous token: 'org.springframework.security.authentication.AnonymousAuthenticationToken@8a85037d: Principal: anonymousUser; Credentials: [PROTECTED]; Authenticated: true; Details: org.springframework.security.web.authentication.WebAuthenticationDetails@b364: RemoteIpAddress: 0:0:0:0:0:0:0:1; SessionId: null; Granted Authorities: ROLE_ANONYMOUS'
2019-12-30 12:49:15.133 DEBUG 59593 --- [http-nio-8080-exec-4] o.s.security.web.FilterChainProxy        : /quiz at position 9 of 10 in additional filter chain; firing Filter: 'SessionManagementFilter'
2019-12-30 12:49:15.133 DEBUG 59593 --- [http-nio-8080-exec-4] o.s.security.web.FilterChainProxy        : /quiz at position 10 of 10 in additional filter chain; firing Filter: 'ExceptionTranslationFilter'
2019-12-30 12:49:15.133 DEBUG 59593 --- [http-nio-8080-exec-4] o.s.security.web.FilterChainProxy        : /quiz reached end of additional filter chain; proceeding with original chain
2019-12-30 12:49:15.512 DEBUG 59593 --- [http-nio-8080-exec-4] o.s.s.w.header.writers.HstsHeaderWriter  : Not injecting HSTS header since it did not match the requestMatcher org.springframework.security.web.header.writers.HstsHeaderWriter$SecureRequestMatcher@488e9987
2019-12-30 12:49:15.512 DEBUG 59593 --- [http-nio-8080-exec-4] w.c.HttpSessionSecurityContextRepository : SecurityContext is empty or contents are anonymous - context will not be stored in HttpSession.
2019-12-30 12:49:15.514 DEBUG 59593 --- [http-nio-8080-exec-4] o.s.s.w.a.ExceptionTranslationFilter     : Chain processed normally
2019-12-30 12:49:15.515 DEBUG 59593 --- [http-nio-8080-exec-4] s.s.w.c.SecurityContextPersistenceFilter : SecurityContextHolder now cleared, as request processing completed
2019-12-30 12:49:15.522 DEBUG 59593 --- [http-nio-8080-exec-5] o.s.s.w.u.matcher.AntPathRequestMatcher  : Checking match of request : '/quiz'; against '/v2/api-docs'
2019-12-30 12:49:15.522 DEBUG 59593 --- [http-nio-8080-exec-5] o.s.s.w.u.matcher.AntPathRequestMatcher  : Checking match of request : '/quiz'; against '/configuration/ui'
2019-12-30 12:49:15.522 DEBUG 59593 --- [http-nio-8080-exec-5] o.s.s.w.u.matcher.AntPathRequestMatcher  : Checking match of request : '/quiz'; against '/swagger-resources/**'
2019-12-30 12:49:15.523 DEBUG 59593 --- [http-nio-8080-exec-5] o.s.s.w.u.matcher.AntPathRequestMatcher  : Checking match of request : '/quiz'; against '/configuration/security'
2019-12-30 12:49:15.523 DEBUG 59593 --- [http-nio-8080-exec-5] o.s.s.w.u.matcher.AntPathRequestMatcher  : Checking match of request : '/quiz'; against '/swagger-ui.html'
2019-12-30 12:49:15.523 DEBUG 59593 --- [http-nio-8080-exec-5] o.s.s.w.u.matcher.AntPathRequestMatcher  : Checking match of request : '/quiz'; against '/webjars/**'
2019-12-30 12:49:15.523 DEBUG 59593 --- [http-nio-8080-exec-5] o.s.security.web.FilterChainProxy        : /quiz at position 1 of 10 in additional filter chain; firing Filter: 'WebAsyncManagerIntegrationFilter'
2019-12-30 12:49:15.523 DEBUG 59593 --- [http-nio-8080-exec-5] o.s.security.web.FilterChainProxy        : /quiz at position 2 of 10 in additional filter chain; firing Filter: 'SecurityContextPersistenceFilter'
2019-12-30 12:49:15.523 DEBUG 59593 --- [http-nio-8080-exec-5] w.c.HttpSessionSecurityContextRepository : No HttpSession currently exists
2019-12-30 12:49:15.524 DEBUG 59593 --- [http-nio-8080-exec-5] w.c.HttpSessionSecurityContextRepository : No SecurityContext was available from the HttpSession: null. A new one will be created.
2019-12-30 12:49:15.524 DEBUG 59593 --- [http-nio-8080-exec-5] o.s.security.web.FilterChainProxy        : /quiz at position 3 of 10 in additional filter chain; firing Filter: 'HeaderWriterFilter'
2019-12-30 12:49:15.524 DEBUG 59593 --- [http-nio-8080-exec-5] o.s.security.web.FilterChainProxy        : /quiz at position 4 of 10 in additional filter chain; firing Filter: 'CorsFilter'
2019-12-30 12:49:15.525 DEBUG 59593 --- [http-nio-8080-exec-5] o.s.security.web.FilterChainProxy        : /quiz at position 5 of 10 in additional filter chain; firing Filter: 'LogoutFilter'
2019-12-30 12:49:15.525 DEBUG 59593 --- [http-nio-8080-exec-5] o.s.s.web.util.matcher.OrRequestMatcher  : Trying to match using Ant [pattern='/logout', GET]
2019-12-30 12:49:15.525 DEBUG 59593 --- [http-nio-8080-exec-5] o.s.s.w.u.matcher.AntPathRequestMatcher  : Checking match of request : '/quiz'; against '/logout'
2019-12-30 12:49:15.526 DEBUG 59593 --- [http-nio-8080-exec-5] o.s.s.web.util.matcher.OrRequestMatcher  : Trying to match using Ant [pattern='/logout', POST]
2019-12-30 12:49:15.526 DEBUG 59593 --- [http-nio-8080-exec-5] o.s.s.w.u.matcher.AntPathRequestMatcher  : Request 'GET /quiz' doesn't match 'POST /logout'
2019-12-30 12:49:15.526 DEBUG 59593 --- [http-nio-8080-exec-5] o.s.s.web.util.matcher.OrRequestMatcher  : Trying to match using Ant [pattern='/logout', PUT]
2019-12-30 12:49:15.526 DEBUG 59593 --- [http-nio-8080-exec-5] o.s.s.w.u.matcher.AntPathRequestMatcher  : Request 'GET /quiz' doesn't match 'PUT /logout'
2019-12-30 12:49:15.526 DEBUG 59593 --- [http-nio-8080-exec-5] o.s.s.web.util.matcher.OrRequestMatcher  : Trying to match using Ant [pattern='/logout', DELETE]
2019-12-30 12:49:15.526 DEBUG 59593 --- [http-nio-8080-exec-5] o.s.s.w.u.matcher.AntPathRequestMatcher  : Request 'GET /quiz' doesn't match 'DELETE /logout'
2019-12-30 12:49:15.526 DEBUG 59593 --- [http-nio-8080-exec-5] o.s.s.web.util.matcher.OrRequestMatcher  : No matches found
2019-12-30 12:49:15.526 DEBUG 59593 --- [http-nio-8080-exec-5] o.s.security.web.FilterChainProxy        : /quiz at position 6 of 10 in additional filter chain; firing Filter: 'RequestCacheAwareFilter'
2019-12-30 12:49:15.526 DEBUG 59593 --- [http-nio-8080-exec-5] o.s.s.w.s.HttpSessionRequestCache        : saved request doesn't match
2019-12-30 12:49:15.527 DEBUG 59593 --- [http-nio-8080-exec-5] o.s.security.web.FilterChainProxy        : /quiz at position 7 of 10 in additional filter chain; firing Filter: 'SecurityContextHolderAwareRequestFilter'
2019-12-30 12:49:15.527 DEBUG 59593 --- [http-nio-8080-exec-5] o.s.security.web.FilterChainProxy        : /quiz at position 8 of 10 in additional filter chain; firing Filter: 'AnonymousAuthenticationFilter'
2019-12-30 12:49:15.527 DEBUG 59593 --- [http-nio-8080-exec-5] o.s.s.w.a.AnonymousAuthenticationFilter  : Populated SecurityContextHolder with anonymous token: 'org.springframework.security.authentication.AnonymousAuthenticationToken@8a85037d: Principal: anonymousUser; Credentials: [PROTECTED]; Authenticated: true; Details: org.springframework.security.web.authentication.WebAuthenticationDetails@b364: RemoteIpAddress: 0:0:0:0:0:0:0:1; SessionId: null; Granted Authorities: ROLE_ANONYMOUS'
2019-12-30 12:49:15.527 DEBUG 59593 --- [http-nio-8080-exec-5] o.s.security.web.FilterChainProxy        : /quiz at position 9 of 10 in additional filter chain; firing Filter: 'SessionManagementFilter'
2019-12-30 12:49:15.527 DEBUG 59593 --- [http-nio-8080-exec-5] o.s.security.web.FilterChainProxy        : /quiz at position 10 of 10 in additional filter chain; firing Filter: 'ExceptionTranslationFilter'
2019-12-30 12:49:15.527 DEBUG 59593 --- [http-nio-8080-exec-5] o.s.security.web.FilterChainProxy        : /quiz reached end of additional filter chain; proceeding with original chain
2019-12-30 12:49:15.593 DEBUG 59593 --- [http-nio-8080-exec-5] o.s.s.w.header.writers.HstsHeaderWriter  : Not injecting HSTS header since it did not match the requestMatcher org.springframework.security.web.header.writers.HstsHeaderWriter$SecureRequestMatcher@488e9987
2019-12-30 12:49:15.594 DEBUG 59593 --- [http-nio-8080-exec-5] w.c.HttpSessionSecurityContextRepository : SecurityContext is empty or contents are anonymous - context will not be stored in HttpSession.
2019-12-30 12:49:15.595 DEBUG 59593 --- [http-nio-8080-exec-5] o.s.s.w.a.ExceptionTranslationFilter     : Chain processed normally
2019-12-30 12:49:15.595 DEBUG 59593 --- [http-nio-8080-exec-5] s.s.w.c.SecurityContextPersistenceFilter : SecurityContextHolder now cleared, as request processing completed
2019-12-30 12:51:05.824  INFO 59593 --- [Thread-5] o.s.c.ehcache.EhCacheManagerFactoryBean  : Shutting down EhCache CacheManager
2019-12-30 12:51:06.092  INFO 59593 --- [Thread-5] j.LocalContainerEntityManagerFactoryBean : Closing JPA EntityManagerFactory for persistence unit 'default'
2019-12-30 12:51:06.094  INFO 59593 --- [Thread-5] .SchemaDropperImpl$DelayedDropActionImpl : HHH000477: Starting delayed evictData of schema as part of SessionFactory shut-down'
2019-12-30 12:51:06.226  INFO 59593 --- [Thread-5] com.zaxxer.hikari.HikariDataSource       : HikariPool-1 - Shutdown initiated...
2019-12-30 12:51:06.280  INFO 59593 --- [Thread-5] com.zaxxer.hikari.HikariDataSource       : HikariPool-1 - Shutdown completed.
2019-12-30 12:51:22.094  INFO 60041 --- [main] com.example.demo.DemoApplication         : Starting DemoApplication on MacBook-Pro.lan with PID 60041 (/Users/robertas/GitHub/springboot-jwt-sample/target/classes started by robertas in /Users/robertas/GitHub/springboot-jwt-sample)
2019-12-30 12:51:22.098 DEBUG 60041 --- [main] com.example.demo.DemoApplication         : Running with Spring Boot v2.1.6.RELEASE, Spring v5.1.8.RELEASE
2019-12-30 12:51:22.099  INFO 60041 --- [main] com.example.demo.DemoApplication         : No active profile set, falling back to default profiles: default
2019-12-30 12:51:24.505  INFO 60041 --- [main] .s.d.r.c.RepositoryConfigurationDelegate : Bootstrapping Spring Data repositories in DEFAULT mode.
2019-12-30 12:51:24.709  INFO 60041 --- [main] .s.d.r.c.RepositoryConfigurationDelegate : Finished Spring Data repository scanning in 192ms. Found 20 repository interfaces.
2019-12-30 12:51:25.756  INFO 60041 --- [main] trationDelegate$BeanPostProcessorChecker : Bean 'org.springframework.transaction.annotation.ProxyTransactionManagementConfiguration' of type [org.springframework.transaction.annotation.ProxyTransactionManagementConfiguration$$EnhancerBySpringCGLIB$$c8eabe8f] is not eligible for getting processed by all BeanPostProcessors (for example: not eligible for auto-proxying)
2019-12-30 12:51:25.917  INFO 60041 --- [main] trationDelegate$BeanPostProcessorChecker : Bean 'org.springframework.hateoas.config.HateoasConfiguration' of type [org.springframework.hateoas.config.HateoasConfiguration$$EnhancerBySpringCGLIB$$486b0bc1] is not eligible for getting processed by all BeanPostProcessors (for example: not eligible for auto-proxying)
2019-12-30 12:51:26.857  INFO 60041 --- [main] o.s.b.w.embedded.tomcat.TomcatWebServer  : Tomcat initialized with port(s): 8080 (http)
2019-12-30 12:51:26.919  INFO 60041 --- [main] o.apache.catalina.core.StandardService   : Starting service [Tomcat]
2019-12-30 12:51:26.920  INFO 60041 --- [main] org.apache.catalina.core.StandardEngine  : Starting Servlet engine: [Apache Tomcat/9.0.21]
2019-12-30 12:51:27.179  INFO 60041 --- [main] o.a.c.c.C.[Tomcat].[localhost].[/]       : Initializing Spring embedded WebApplicationContext
2019-12-30 12:51:27.180  INFO 60041 --- [main] o.s.web.context.ContextLoader            : Root WebApplicationContext: initialization completed in 5001 ms
2019-12-30 12:51:27.731  INFO 60041 --- [main] com.zaxxer.hikari.HikariDataSource       : HikariPool-1 - Starting...
2019-12-30 12:51:27.738  WARN 60041 --- [main] com.zaxxer.hikari.util.DriverDataSource  : Registered driver with driverClassName=com.mysql.jdbc.Driver was not found, trying direct instantiation.
2019-12-30 12:51:28.017  INFO 60041 --- [main] com.zaxxer.hikari.HikariDataSource       : HikariPool-1 - Start completed.
2019-12-30 12:51:28.143  INFO 60041 --- [main] o.hibernate.jpa.internal.util.LogHelper  : HHH000204: Processing PersistenceUnitInfo [
	name: default
	...]
2019-12-30 12:51:28.316  INFO 60041 --- [main] org.hibernate.Version                    : HHH000412: Hibernate Core {5.3.10.Final}
2019-12-30 12:51:28.319  INFO 60041 --- [main] org.hibernate.cfg.Environment            : HHH000206: hibernate.properties not found
2019-12-30 12:51:28.596  INFO 60041 --- [main] o.hibernate.annotations.common.Version   : HCANN000001: Hibernate Commons Annotations {5.0.4.Final}
2019-12-30 12:51:28.989  INFO 60041 --- [main] org.hibernate.dialect.Dialect            : HHH000400: Using dialect: org.hibernate.dialect.MySQL5Dialect
2019-12-30 12:51:29.070  INFO 60041 --- [main] o.h.e.j.e.i.LobCreatorBuilderImpl        : HHH000421: Disabling contextual LOB creation as hibernate.jdbc.lob.non_contextual_creation is true
2019-12-30 12:51:40.027  INFO 60041 --- [main] o.h.t.schema.internal.SchemaCreatorImpl  : HHH000476: Executing import script 'ScriptSourceInputFromUrl(file:/Users/robertas/GitHub/springboot-jwt-sample/target/classes/import.sql)'
2019-12-30 12:51:40.102  INFO 60041 --- [main] j.LocalContainerEntityManagerFactoryBean : Initialized JPA EntityManagerFactory for persistence unit 'default'
2019-12-30 12:51:44.140  INFO 60041 --- [main] o.s.c.ehcache.EhCacheManagerFactoryBean  : Initializing EhCache CacheManager
2019-12-30 12:51:44.358  WARN 60041 --- [main] n.sf.ehcache.config.CacheConfiguration   : Configuration problem for cache classroom: MaxEntriesLocalHeap equal or greater than MaxEntriesLocalDisk. This will result in useless disk storage.
2019-12-30 12:51:44.504  WARN 60041 --- [main] n.sf.ehcache.config.CacheConfiguration   : Configuration problem for cache user: MaxEntriesLocalHeap equal or greater than MaxEntriesLocalDisk. This will result in useless disk storage.
2019-12-30 12:51:44.515  WARN 60041 --- [main] n.sf.ehcache.config.CacheConfiguration   : Configuration problem for cache course: MaxEntriesLocalHeap equal or greater than MaxEntriesLocalDisk. This will result in useless disk storage.
2019-12-30 12:51:44.636  INFO 60041 --- [main] pertySourcedRequestMappingHandlerMapping : Mapped URL path [/v2/api-docs] onto method [public org.springframework.http.ResponseEntity<springfox.documentation.spring.web.json.Json> springfox.documentation.swagger2.web.Swagger2Controller.getDocumentation(java.lang.String,javax.servlet.http.HttpServletRequest)]
2019-12-30 12:51:45.494  INFO 60041 --- [main] o.s.c.fs.io.FileSystemResourceLoader     : Defaulting filesystem root to /var/folders/2f/c0y_7yln2wv88xx2klmjjwyr0000gn/T/2885986499822767393
2019-12-30 12:51:46.067 DEBUG 60041 --- [main] eGlobalAuthenticationAutowiredConfigurer : Eagerly initializing {org.springframework.boot.autoconfigure.security.servlet.WebSecurityEnablerConfiguration=org.springframework.boot.autoconfigure.security.servlet.WebSecurityEnablerConfiguration$$EnhancerBySpringCGLIB$$e679e8c4@70ccb3bf}
2019-12-30 12:51:46.157  INFO 60041 --- [main] o.s.s.web.DefaultSecurityFilterChain     : Creating filter chain: Ant [pattern='/v2/api-docs'], []
2019-12-30 12:51:46.158  INFO 60041 --- [main] o.s.s.web.DefaultSecurityFilterChain     : Creating filter chain: Ant [pattern='/configuration/ui'], []
2019-12-30 12:51:46.158  INFO 60041 --- [main] o.s.s.web.DefaultSecurityFilterChain     : Creating filter chain: Ant [pattern='/swagger-resources/**'], []
2019-12-30 12:51:46.158  INFO 60041 --- [main] o.s.s.web.DefaultSecurityFilterChain     : Creating filter chain: Ant [pattern='/configuration/security'], []
2019-12-30 12:51:46.158  INFO 60041 --- [main] o.s.s.web.DefaultSecurityFilterChain     : Creating filter chain: Ant [pattern='/swagger-ui.html'], []
2019-12-30 12:51:46.158  INFO 60041 --- [main] o.s.s.web.DefaultSecurityFilterChain     : Creating filter chain: Ant [pattern='/webjars/**'], []
2019-12-30 12:51:46.260  INFO 60041 --- [main] o.s.s.web.DefaultSecurityFilterChain     : Creating filter chain: any request, [org.springframework.security.web.context.request.async.WebAsyncManagerIntegrationFilter@3a574a3b, org.springframework.security.web.context.SecurityContextPersistenceFilter@574e4184, org.springframework.security.web.header.HeaderWriterFilter@55a07f97, org.springframework.web.filter.CorsFilter@733e3c19, org.springframework.security.web.authentication.logout.LogoutFilter@34d26a68, org.springframework.security.web.savedrequest.RequestCacheAwareFilter@50d6af87, org.springframework.security.web.servletapi.SecurityContextHolderAwareRequestFilter@1735e1c4, org.springframework.security.web.authentication.AnonymousAuthenticationFilter@5418893c, org.springframework.security.web.session.SessionManagementFilter@556e4588, org.springframework.security.web.access.ExceptionTranslationFilter@139b3a29]
2019-12-30 12:51:46.491  INFO 60041 --- [main] d.s.w.p.DocumentationPluginsBootstrapper : Context refreshed
2019-12-30 12:51:46.531  INFO 60041 --- [main] d.s.w.p.DocumentationPluginsBootstrapper : Found 1 custom documentation plugin(s)
2019-12-30 12:51:46.608  INFO 60041 --- [main] s.d.s.w.s.ApiListingReferenceScanner     : Scanning for api listing references
2019-12-30 12:51:46.978  INFO 60041 --- [main] .d.s.w.r.o.CachingOperationNameGenerator : Generating unique operation named: addUsingPUT_1
2019-12-30 12:51:46.982  INFO 60041 --- [main] .d.s.w.r.o.CachingOperationNameGenerator : Generating unique operation named: findAllUsingGET_1
2019-12-30 12:51:46.986  INFO 60041 --- [main] .d.s.w.r.o.CachingOperationNameGenerator : Generating unique operation named: findByIdUsingGET_1
2019-12-30 12:51:46.989  INFO 60041 --- [main] .d.s.w.r.o.CachingOperationNameGenerator : Generating unique operation named: updateUsingPOST_1
2019-12-30 12:51:46.996  INFO 60041 --- [main] .d.s.w.r.o.CachingOperationNameGenerator : Generating unique operation named: findAllUsingGET_2
2019-12-30 12:51:47.003  INFO 60041 --- [main] .d.s.w.r.o.CachingOperationNameGenerator : Generating unique operation named: addUsingPUT_2
2019-12-30 12:51:47.006  INFO 60041 --- [main] .d.s.w.r.o.CachingOperationNameGenerator : Generating unique operation named: deleteUsingDELETE_1
2019-12-30 12:51:47.010  INFO 60041 --- [main] .d.s.w.r.o.CachingOperationNameGenerator : Generating unique operation named: findAllUsingGET_3
2019-12-30 12:51:47.014  INFO 60041 --- [main] .d.s.w.r.o.CachingOperationNameGenerator : Generating unique operation named: findByIdUsingGET_2
2019-12-30 12:51:47.017  INFO 60041 --- [main] .d.s.w.r.o.CachingOperationNameGenerator : Generating unique operation named: updateUsingPOST_2
2019-12-30 12:51:47.024  INFO 60041 --- [main] .d.s.w.r.o.CachingOperationNameGenerator : Generating unique operation named: addUsingPUT_3
2019-12-30 12:51:47.027  INFO 60041 --- [main] .d.s.w.r.o.CachingOperationNameGenerator : Generating unique operation named: deleteUsingDELETE_2
2019-12-30 12:51:47.031  INFO 60041 --- [main] .d.s.w.r.o.CachingOperationNameGenerator : Generating unique operation named: findAllUsingGET_4
2019-12-30 12:51:47.034  INFO 60041 --- [main] .d.s.w.r.o.CachingOperationNameGenerator : Generating unique operation named: updateUsingPOST_3
2019-12-30 12:51:47.045  INFO 60041 --- [main] .d.s.w.r.o.CachingOperationNameGenerator : Generating unique operation named: findByIdUsingGET_3
2019-12-30 12:51:47.059  INFO 60041 --- [main] .d.s.w.r.o.CachingOperationNameGenerator : Generating unique operation named: findAllUsingGET_5
2019-12-30 12:51:47.065  INFO 60041 --- [main] .d.s.w.r.o.CachingOperationNameGenerator : Generating unique operation named: findAllUsingGET_6
2019-12-30 12:51:47.092  INFO 60041 --- [main] .d.s.w.r.o.CachingOperationNameGenerator : Generating unique operation named: addUsingPUT_4
2019-12-30 12:51:47.095  INFO 60041 --- [main] .d.s.w.r.o.CachingOperationNameGenerator : Generating unique operation named: deleteUsingDELETE_3
2019-12-30 12:51:47.100  INFO 60041 --- [main] .d.s.w.r.o.CachingOperationNameGenerator : Generating unique operation named: findAllUsingGET_7
2019-12-30 12:51:47.107  INFO 60041 --- [main] .d.s.w.r.o.CachingOperationNameGenerator : Generating unique operation named: findByIdUsingGET_4
2019-12-30 12:51:47.112  INFO 60041 --- [main] .d.s.w.r.o.CachingOperationNameGenerator : Generating unique operation named: rateUsingPOST_1
2019-12-30 12:51:47.116  INFO 60041 --- [main] .d.s.w.r.o.CachingOperationNameGenerator : Generating unique operation named: updateUsingPOST_4
2019-12-30 12:51:47.123  INFO 60041 --- [main] .d.s.w.r.o.CachingOperationNameGenerator : Generating unique operation named: addUsingPUT_5
2019-12-30 12:51:47.126  INFO 60041 --- [main] .d.s.w.r.o.CachingOperationNameGenerator : Generating unique operation named: deleteUsingDELETE_4
2019-12-30 12:51:47.129  INFO 60041 --- [main] .d.s.w.r.o.CachingOperationNameGenerator : Generating unique operation named: findAllUsingGET_8
2019-12-30 12:51:47.132  INFO 60041 --- [main] .d.s.w.r.o.CachingOperationNameGenerator : Generating unique operation named: updateUsingPOST_5
2019-12-30 12:51:47.147  INFO 60041 --- [main] .d.s.w.r.o.CachingOperationNameGenerator : Generating unique operation named: addUsingPUT_6
2019-12-30 12:51:47.149  INFO 60041 --- [main] .d.s.w.r.o.CachingOperationNameGenerator : Generating unique operation named: deleteUsingDELETE_5
2019-12-30 12:51:47.153  INFO 60041 --- [main] .d.s.w.r.o.CachingOperationNameGenerator : Generating unique operation named: findAllUsingGET_9
2019-12-30 12:51:47.157  INFO 60041 --- [main] .d.s.w.r.o.CachingOperationNameGenerator : Generating unique operation named: findByCourseIdUsingGET_1
2019-12-30 12:51:47.161  INFO 60041 --- [main] .d.s.w.r.o.CachingOperationNameGenerator : Generating unique operation named: findByIdUsingGET_5
2019-12-30 12:51:47.164  INFO 60041 --- [main] .d.s.w.r.o.CachingOperationNameGenerator : Generating unique operation named: rateUsingPOST_2
2019-12-30 12:51:47.168  INFO 60041 --- [main] .d.s.w.r.o.CachingOperationNameGenerator : Generating unique operation named: updateUsingPOST_6
2019-12-30 12:51:47.172  INFO 60041 --- [main] .d.s.w.r.o.CachingOperationNameGenerator : Generating unique operation named: findAllUsingGET_10
2019-12-30 12:51:47.195  INFO 60041 --- [main] .d.s.w.r.o.CachingOperationNameGenerator : Generating unique operation named: addUsingPUT_7
2019-12-30 12:51:47.198  INFO 60041 --- [main] .d.s.w.r.o.CachingOperationNameGenerator : Generating unique operation named: deleteUsingDELETE_6
2019-12-30 12:51:47.207  INFO 60041 --- [main] .d.s.w.r.o.CachingOperationNameGenerator : Generating unique operation named: findAllUsingGET_11
2019-12-30 12:51:47.211  INFO 60041 --- [main] .d.s.w.r.o.CachingOperationNameGenerator : Generating unique operation named: findByIdUsingGET_6
2019-12-30 12:51:47.223  INFO 60041 --- [main] .d.s.w.r.o.CachingOperationNameGenerator : Generating unique operation named: updateUsingPOST_7
2019-12-30 12:51:47.265  INFO 60041 --- [main] .d.s.w.r.o.CachingOperationNameGenerator : Generating unique operation named: deleteUsingDELETE_7
2019-12-30 12:51:47.379  INFO 60041 --- [main] o.s.b.w.embedded.tomcat.TomcatWebServer  : Tomcat started on port(s): 8080 (http) with context path ''
2019-12-30 12:51:47.386  INFO 60041 --- [main] com.example.demo.DemoApplication         : Started DemoApplication in 26.835 seconds (JVM running for 27.774)
2019-12-30 12:54:44.315  INFO 60041 --- [http-nio-8080-exec-1] o.a.c.c.C.[Tomcat].[localhost].[/]       : Initializing Spring DispatcherServlet 'dispatcherServlet'
2019-12-30 12:54:44.338  INFO 60041 --- [http-nio-8080-exec-1] o.s.web.servlet.DispatcherServlet        : Initializing Servlet 'dispatcherServlet'
2019-12-30 12:54:44.485  INFO 60041 --- [http-nio-8080-exec-1] o.s.web.servlet.DispatcherServlet        : Completed initialization in 147 ms
2019-12-30 12:54:44.555 DEBUG 60041 --- [http-nio-8080-exec-1] o.s.s.w.u.matcher.AntPathRequestMatcher  : Checking match of request : '/quiz'; against '/v2/api-docs'
2019-12-30 12:54:44.555 DEBUG 60041 --- [http-nio-8080-exec-1] o.s.s.w.u.matcher.AntPathRequestMatcher  : Checking match of request : '/quiz'; against '/configuration/ui'
2019-12-30 12:54:44.555 DEBUG 60041 --- [http-nio-8080-exec-1] o.s.s.w.u.matcher.AntPathRequestMatcher  : Checking match of request : '/quiz'; against '/swagger-resources/**'
2019-12-30 12:54:44.555 DEBUG 60041 --- [http-nio-8080-exec-1] o.s.s.w.u.matcher.AntPathRequestMatcher  : Checking match of request : '/quiz'; against '/configuration/security'
2019-12-30 12:54:44.556 DEBUG 60041 --- [http-nio-8080-exec-1] o.s.s.w.u.matcher.AntPathRequestMatcher  : Checking match of request : '/quiz'; against '/swagger-ui.html'
2019-12-30 12:54:44.556 DEBUG 60041 --- [http-nio-8080-exec-1] o.s.s.w.u.matcher.AntPathRequestMatcher  : Checking match of request : '/quiz'; against '/webjars/**'
2019-12-30 12:54:44.558 DEBUG 60041 --- [http-nio-8080-exec-1] o.s.security.web.FilterChainProxy        : /quiz at position 1 of 10 in additional filter chain; firing Filter: 'WebAsyncManagerIntegrationFilter'
2019-12-30 12:54:44.560 DEBUG 60041 --- [http-nio-8080-exec-1] o.s.security.web.FilterChainProxy        : /quiz at position 2 of 10 in additional filter chain; firing Filter: 'SecurityContextPersistenceFilter'
2019-12-30 12:54:44.562 DEBUG 60041 --- [http-nio-8080-exec-1] w.c.HttpSessionSecurityContextRepository : No HttpSession currently exists
2019-12-30 12:54:44.562 DEBUG 60041 --- [http-nio-8080-exec-1] w.c.HttpSessionSecurityContextRepository : No SecurityContext was available from the HttpSession: null. A new one will be created.
2019-12-30 12:54:44.572 DEBUG 60041 --- [http-nio-8080-exec-1] o.s.security.web.FilterChainProxy        : /quiz at position 3 of 10 in additional filter chain; firing Filter: 'HeaderWriterFilter'
2019-12-30 12:54:44.578 DEBUG 60041 --- [http-nio-8080-exec-1] o.s.security.web.FilterChainProxy        : /quiz at position 4 of 10 in additional filter chain; firing Filter: 'CorsFilter'
2019-12-30 12:54:44.645 DEBUG 60041 --- [http-nio-8080-exec-1] o.s.security.web.FilterChainProxy        : /quiz at position 5 of 10 in additional filter chain; firing Filter: 'LogoutFilter'
2019-12-30 12:54:44.646 DEBUG 60041 --- [http-nio-8080-exec-1] o.s.s.web.util.matcher.OrRequestMatcher  : Trying to match using Ant [pattern='/logout', GET]
2019-12-30 12:54:44.646 DEBUG 60041 --- [http-nio-8080-exec-1] o.s.s.w.u.matcher.AntPathRequestMatcher  : Checking match of request : '/quiz'; against '/logout'
2019-12-30 12:54:44.647 DEBUG 60041 --- [http-nio-8080-exec-1] o.s.s.web.util.matcher.OrRequestMatcher  : Trying to match using Ant [pattern='/logout', POST]
2019-12-30 12:54:44.647 DEBUG 60041 --- [http-nio-8080-exec-1] o.s.s.w.u.matcher.AntPathRequestMatcher  : Request 'GET /quiz' doesn't match 'POST /logout'
2019-12-30 12:54:44.647 DEBUG 60041 --- [http-nio-8080-exec-1] o.s.s.web.util.matcher.OrRequestMatcher  : Trying to match using Ant [pattern='/logout', PUT]
2019-12-30 12:54:44.647 DEBUG 60041 --- [http-nio-8080-exec-1] o.s.s.w.u.matcher.AntPathRequestMatcher  : Request 'GET /quiz' doesn't match 'PUT /logout'
2019-12-30 12:54:44.647 DEBUG 60041 --- [http-nio-8080-exec-1] o.s.s.web.util.matcher.OrRequestMatcher  : Trying to match using Ant [pattern='/logout', DELETE]
2019-12-30 12:54:44.648 DEBUG 60041 --- [http-nio-8080-exec-1] o.s.s.w.u.matcher.AntPathRequestMatcher  : Request 'GET /quiz' doesn't match 'DELETE /logout'
2019-12-30 12:54:44.648 DEBUG 60041 --- [http-nio-8080-exec-1] o.s.s.web.util.matcher.OrRequestMatcher  : No matches found
2019-12-30 12:54:44.648 DEBUG 60041 --- [http-nio-8080-exec-1] o.s.security.web.FilterChainProxy        : /quiz at position 6 of 10 in additional filter chain; firing Filter: 'RequestCacheAwareFilter'
2019-12-30 12:54:44.648 DEBUG 60041 --- [http-nio-8080-exec-1] o.s.s.w.s.HttpSessionRequestCache        : saved request doesn't match
2019-12-30 12:54:44.648 DEBUG 60041 --- [http-nio-8080-exec-1] o.s.security.web.FilterChainProxy        : /quiz at position 7 of 10 in additional filter chain; firing Filter: 'SecurityContextHolderAwareRequestFilter'
2019-12-30 12:54:44.655 DEBUG 60041 --- [http-nio-8080-exec-1] o.s.security.web.FilterChainProxy        : /quiz at position 8 of 10 in additional filter chain; firing Filter: 'AnonymousAuthenticationFilter'
2019-12-30 12:54:44.658 DEBUG 60041 --- [http-nio-8080-exec-1] o.s.s.w.a.AnonymousAuthenticationFilter  : Populated SecurityContextHolder with anonymous token: 'org.springframework.security.authentication.AnonymousAuthenticationToken@fa49f06a: Principal: anonymousUser; Credentials: [PROTECTED]; Authenticated: true; Details: org.springframework.security.web.authentication.WebAuthenticationDetails@b364: RemoteIpAddress: 0:0:0:0:0:0:0:1; SessionId: null; Granted Authorities: ROLE_ANONYMOUS'
2019-12-30 12:54:44.658 DEBUG 60041 --- [http-nio-8080-exec-1] o.s.security.web.FilterChainProxy        : /quiz at position 9 of 10 in additional filter chain; firing Filter: 'SessionManagementFilter'
2019-12-30 12:54:44.659 DEBUG 60041 --- [http-nio-8080-exec-1] o.s.security.web.FilterChainProxy        : /quiz at position 10 of 10 in additional filter chain; firing Filter: 'ExceptionTranslationFilter'
2019-12-30 12:54:44.659 DEBUG 60041 --- [http-nio-8080-exec-1] o.s.security.web.FilterChainProxy        : /quiz reached end of additional filter chain; proceeding with original chain
2019-12-30 12:54:44.908  INFO 60041 --- [http-nio-8080-exec-1] o.h.h.i.QueryTranslatorFactoryInitiator  : HHH000397: Using ASTQueryTranslatorFactory
2019-12-30 12:54:45.729 DEBUG 60041 --- [http-nio-8080-exec-1] o.s.s.w.header.writers.HstsHeaderWriter  : Not injecting HSTS header since it did not match the requestMatcher org.springframework.security.web.header.writers.HstsHeaderWriter$SecureRequestMatcher@3ee56bca
2019-12-30 12:54:45.729 DEBUG 60041 --- [http-nio-8080-exec-1] w.c.HttpSessionSecurityContextRepository : SecurityContext is empty or contents are anonymous - context will not be stored in HttpSession.
2019-12-30 12:54:45.744 DEBUG 60041 --- [http-nio-8080-exec-1] o.s.s.w.a.ExceptionTranslationFilter     : Chain processed normally
2019-12-30 12:54:45.744 DEBUG 60041 --- [http-nio-8080-exec-1] s.s.w.c.SecurityContextPersistenceFilter : SecurityContextHolder now cleared, as request processing completed
2019-12-30 12:55:11.106 DEBUG 60041 --- [http-nio-8080-exec-2] o.s.s.w.u.matcher.AntPathRequestMatcher  : Checking match of request : '/quiz/1'; against '/v2/api-docs'
2019-12-30 12:55:11.139 DEBUG 60041 --- [http-nio-8080-exec-2] o.s.s.w.u.matcher.AntPathRequestMatcher  : Checking match of request : '/quiz/1'; against '/configuration/ui'
2019-12-30 12:55:11.139 DEBUG 60041 --- [http-nio-8080-exec-2] o.s.s.w.u.matcher.AntPathRequestMatcher  : Checking match of request : '/quiz/1'; against '/swagger-resources/**'
2019-12-30 12:55:11.139 DEBUG 60041 --- [http-nio-8080-exec-2] o.s.s.w.u.matcher.AntPathRequestMatcher  : Checking match of request : '/quiz/1'; against '/configuration/security'
2019-12-30 12:55:11.139 DEBUG 60041 --- [http-nio-8080-exec-2] o.s.s.w.u.matcher.AntPathRequestMatcher  : Checking match of request : '/quiz/1'; against '/swagger-ui.html'
2019-12-30 12:55:11.140 DEBUG 60041 --- [http-nio-8080-exec-2] o.s.s.w.u.matcher.AntPathRequestMatcher  : Checking match of request : '/quiz/1'; against '/webjars/**'
2019-12-30 12:55:11.140 DEBUG 60041 --- [http-nio-8080-exec-2] o.s.security.web.FilterChainProxy        : /quiz/1 at position 1 of 10 in additional filter chain; firing Filter: 'WebAsyncManagerIntegrationFilter'
2019-12-30 12:55:11.140 DEBUG 60041 --- [http-nio-8080-exec-2] o.s.security.web.FilterChainProxy        : /quiz/1 at position 2 of 10 in additional filter chain; firing Filter: 'SecurityContextPersistenceFilter'
2019-12-30 12:55:11.140 DEBUG 60041 --- [http-nio-8080-exec-2] w.c.HttpSessionSecurityContextRepository : No HttpSession currently exists
2019-12-30 12:55:11.140 DEBUG 60041 --- [http-nio-8080-exec-2] w.c.HttpSessionSecurityContextRepository : No SecurityContext was available from the HttpSession: null. A new one will be created.
2019-12-30 12:55:11.141 DEBUG 60041 --- [http-nio-8080-exec-2] o.s.security.web.FilterChainProxy        : /quiz/1 at position 3 of 10 in additional filter chain; firing Filter: 'HeaderWriterFilter'
2019-12-30 12:55:11.141 DEBUG 60041 --- [http-nio-8080-exec-2] o.s.security.web.FilterChainProxy        : /quiz/1 at position 4 of 10 in additional filter chain; firing Filter: 'CorsFilter'
2019-12-30 12:55:11.144 DEBUG 60041 --- [http-nio-8080-exec-2] o.s.s.w.header.writers.HstsHeaderWriter  : Not injecting HSTS header since it did not match the requestMatcher org.springframework.security.web.header.writers.HstsHeaderWriter$SecureRequestMatcher@3ee56bca
2019-12-30 12:55:11.144 DEBUG 60041 --- [http-nio-8080-exec-2] w.c.HttpSessionSecurityContextRepository : SecurityContext is empty or contents are anonymous - context will not be stored in HttpSession.
2019-12-30 12:55:11.144 DEBUG 60041 --- [http-nio-8080-exec-2] s.s.w.c.SecurityContextPersistenceFilter : SecurityContextHolder now cleared, as request processing completed
2019-12-30 12:55:11.152 DEBUG 60041 --- [http-nio-8080-exec-3] o.s.s.w.u.matcher.AntPathRequestMatcher  : Checking match of request : '/quiz/1'; against '/v2/api-docs'
2019-12-30 12:55:11.153 DEBUG 60041 --- [http-nio-8080-exec-3] o.s.s.w.u.matcher.AntPathRequestMatcher  : Checking match of request : '/quiz/1'; against '/configuration/ui'
2019-12-30 12:55:11.153 DEBUG 60041 --- [http-nio-8080-exec-3] o.s.s.w.u.matcher.AntPathRequestMatcher  : Checking match of request : '/quiz/1'; against '/swagger-resources/**'
2019-12-30 12:55:11.153 DEBUG 60041 --- [http-nio-8080-exec-3] o.s.s.w.u.matcher.AntPathRequestMatcher  : Checking match of request : '/quiz/1'; against '/configuration/security'
2019-12-30 12:55:11.153 DEBUG 60041 --- [http-nio-8080-exec-3] o.s.s.w.u.matcher.AntPathRequestMatcher  : Checking match of request : '/quiz/1'; against '/swagger-ui.html'
2019-12-30 12:55:11.153 DEBUG 60041 --- [http-nio-8080-exec-3] o.s.s.w.u.matcher.AntPathRequestMatcher  : Checking match of request : '/quiz/1'; against '/webjars/**'
2019-12-30 12:55:11.153 DEBUG 60041 --- [http-nio-8080-exec-3] o.s.security.web.FilterChainProxy        : /quiz/1 at position 1 of 10 in additional filter chain; firing Filter: 'WebAsyncManagerIntegrationFilter'
2019-12-30 12:55:11.153 DEBUG 60041 --- [http-nio-8080-exec-3] o.s.security.web.FilterChainProxy        : /quiz/1 at position 2 of 10 in additional filter chain; firing Filter: 'SecurityContextPersistenceFilter'
2019-12-30 12:55:11.153 DEBUG 60041 --- [http-nio-8080-exec-3] w.c.HttpSessionSecurityContextRepository : No HttpSession currently exists
2019-12-30 12:55:11.154 DEBUG 60041 --- [http-nio-8080-exec-3] w.c.HttpSessionSecurityContextRepository : No SecurityContext was available from the HttpSession: null. A new one will be created.
2019-12-30 12:55:11.154 DEBUG 60041 --- [http-nio-8080-exec-3] o.s.security.web.FilterChainProxy        : /quiz/1 at position 3 of 10 in additional filter chain; firing Filter: 'HeaderWriterFilter'
2019-12-30 12:55:11.154 DEBUG 60041 --- [http-nio-8080-exec-3] o.s.security.web.FilterChainProxy        : /quiz/1 at position 4 of 10 in additional filter chain; firing Filter: 'CorsFilter'
2019-12-30 12:55:11.155 DEBUG 60041 --- [http-nio-8080-exec-3] o.s.security.web.FilterChainProxy        : /quiz/1 at position 5 of 10 in additional filter chain; firing Filter: 'LogoutFilter'
2019-12-30 12:55:11.155 DEBUG 60041 --- [http-nio-8080-exec-3] o.s.s.web.util.matcher.OrRequestMatcher  : Trying to match using Ant [pattern='/logout', GET]
2019-12-30 12:55:11.155 DEBUG 60041 --- [http-nio-8080-exec-3] o.s.s.w.u.matcher.AntPathRequestMatcher  : Request 'DELETE /quiz/1' doesn't match 'GET /logout'
2019-12-30 12:55:11.155 DEBUG 60041 --- [http-nio-8080-exec-3] o.s.s.web.util.matcher.OrRequestMatcher  : Trying to match using Ant [pattern='/logout', POST]
2019-12-30 12:55:11.155 DEBUG 60041 --- [http-nio-8080-exec-3] o.s.s.w.u.matcher.AntPathRequestMatcher  : Request 'DELETE /quiz/1' doesn't match 'POST /logout'
2019-12-30 12:55:11.155 DEBUG 60041 --- [http-nio-8080-exec-3] o.s.s.web.util.matcher.OrRequestMatcher  : Trying to match using Ant [pattern='/logout', PUT]
2019-12-30 12:55:11.155 DEBUG 60041 --- [http-nio-8080-exec-3] o.s.s.w.u.matcher.AntPathRequestMatcher  : Request 'DELETE /quiz/1' doesn't match 'PUT /logout'
2019-12-30 12:55:11.155 DEBUG 60041 --- [http-nio-8080-exec-3] o.s.s.web.util.matcher.OrRequestMatcher  : Trying to match using Ant [pattern='/logout', DELETE]
2019-12-30 12:55:11.155 DEBUG 60041 --- [http-nio-8080-exec-3] o.s.s.w.u.matcher.AntPathRequestMatcher  : Checking match of request : '/quiz/1'; against '/logout'
2019-12-30 12:55:11.156 DEBUG 60041 --- [http-nio-8080-exec-3] o.s.s.web.util.matcher.OrRequestMatcher  : No matches found
2019-12-30 12:55:11.156 DEBUG 60041 --- [http-nio-8080-exec-3] o.s.security.web.FilterChainProxy        : /quiz/1 at position 6 of 10 in additional filter chain; firing Filter: 'RequestCacheAwareFilter'
2019-12-30 12:55:11.156 DEBUG 60041 --- [http-nio-8080-exec-3] o.s.s.w.s.HttpSessionRequestCache        : saved request doesn't match
2019-12-30 12:55:11.156 DEBUG 60041 --- [http-nio-8080-exec-3] o.s.security.web.FilterChainProxy        : /quiz/1 at position 7 of 10 in additional filter chain; firing Filter: 'SecurityContextHolderAwareRequestFilter'
2019-12-30 12:55:11.156 DEBUG 60041 --- [http-nio-8080-exec-3] o.s.security.web.FilterChainProxy        : /quiz/1 at position 8 of 10 in additional filter chain; firing Filter: 'AnonymousAuthenticationFilter'
2019-12-30 12:55:11.156 DEBUG 60041 --- [http-nio-8080-exec-3] o.s.s.w.a.AnonymousAuthenticationFilter  : Populated SecurityContextHolder with anonymous token: 'org.springframework.security.authentication.AnonymousAuthenticationToken@fa49f06a: Principal: anonymousUser; Credentials: [PROTECTED]; Authenticated: true; Details: org.springframework.security.web.authentication.WebAuthenticationDetails@b364: RemoteIpAddress: 0:0:0:0:0:0:0:1; SessionId: null; Granted Authorities: ROLE_ANONYMOUS'
2019-12-30 12:55:11.156 DEBUG 60041 --- [http-nio-8080-exec-3] o.s.security.web.FilterChainProxy        : /quiz/1 at position 9 of 10 in additional filter chain; firing Filter: 'SessionManagementFilter'
2019-12-30 12:55:11.157 DEBUG 60041 --- [http-nio-8080-exec-3] o.s.security.web.FilterChainProxy        : /quiz/1 at position 10 of 10 in additional filter chain; firing Filter: 'ExceptionTranslationFilter'
2019-12-30 12:55:11.157 DEBUG 60041 --- [http-nio-8080-exec-3] o.s.security.web.FilterChainProxy        : /quiz/1 reached end of additional filter chain; proceeding with original chain
2019-12-30 12:55:11.378 DEBUG 60041 --- [http-nio-8080-exec-3] o.s.s.w.a.ExceptionTranslationFilter     : Chain processed normally
2019-12-30 12:55:11.379 DEBUG 60041 --- [http-nio-8080-exec-3] o.s.s.w.header.writers.HstsHeaderWriter  : Not injecting HSTS header since it did not match the requestMatcher org.springframework.security.web.header.writers.HstsHeaderWriter$SecureRequestMatcher@3ee56bca
2019-12-30 12:55:11.379 DEBUG 60041 --- [http-nio-8080-exec-3] w.c.HttpSessionSecurityContextRepository : SecurityContext is empty or contents are anonymous - context will not be stored in HttpSession.
2019-12-30 12:55:11.379 DEBUG 60041 --- [http-nio-8080-exec-3] s.s.w.c.SecurityContextPersistenceFilter : SecurityContextHolder now cleared, as request processing completed
2019-12-30 12:55:11.389 DEBUG 60041 --- [http-nio-8080-exec-4] o.s.s.w.u.matcher.AntPathRequestMatcher  : Checking match of request : '/quiz'; against '/v2/api-docs'
2019-12-30 12:55:11.389 DEBUG 60041 --- [http-nio-8080-exec-4] o.s.s.w.u.matcher.AntPathRequestMatcher  : Checking match of request : '/quiz'; against '/configuration/ui'
2019-12-30 12:55:11.389 DEBUG 60041 --- [http-nio-8080-exec-4] o.s.s.w.u.matcher.AntPathRequestMatcher  : Checking match of request : '/quiz'; against '/swagger-resources/**'
2019-12-30 12:55:11.389 DEBUG 60041 --- [http-nio-8080-exec-4] o.s.s.w.u.matcher.AntPathRequestMatcher  : Checking match of request : '/quiz'; against '/configuration/security'
2019-12-30 12:55:11.390 DEBUG 60041 --- [http-nio-8080-exec-4] o.s.s.w.u.matcher.AntPathRequestMatcher  : Checking match of request : '/quiz'; against '/swagger-ui.html'
2019-12-30 12:55:11.390 DEBUG 60041 --- [http-nio-8080-exec-4] o.s.s.w.u.matcher.AntPathRequestMatcher  : Checking match of request : '/quiz'; against '/webjars/**'
2019-12-30 12:55:11.390 DEBUG 60041 --- [http-nio-8080-exec-4] o.s.security.web.FilterChainProxy        : /quiz at position 1 of 10 in additional filter chain; firing Filter: 'WebAsyncManagerIntegrationFilter'
2019-12-30 12:55:11.390 DEBUG 60041 --- [http-nio-8080-exec-4] o.s.security.web.FilterChainProxy        : /quiz at position 2 of 10 in additional filter chain; firing Filter: 'SecurityContextPersistenceFilter'
2019-12-30 12:55:11.390 DEBUG 60041 --- [http-nio-8080-exec-4] w.c.HttpSessionSecurityContextRepository : No HttpSession currently exists
2019-12-30 12:55:11.390 DEBUG 60041 --- [http-nio-8080-exec-4] w.c.HttpSessionSecurityContextRepository : No SecurityContext was available from the HttpSession: null. A new one will be created.
2019-12-30 12:55:11.390 DEBUG 60041 --- [http-nio-8080-exec-4] o.s.security.web.FilterChainProxy        : /quiz at position 3 of 10 in additional filter chain; firing Filter: 'HeaderWriterFilter'
2019-12-30 12:55:11.390 DEBUG 60041 --- [http-nio-8080-exec-4] o.s.security.web.FilterChainProxy        : /quiz at position 4 of 10 in additional filter chain; firing Filter: 'CorsFilter'
2019-12-30 12:55:11.392 DEBUG 60041 --- [http-nio-8080-exec-4] o.s.security.web.FilterChainProxy        : /quiz at position 5 of 10 in additional filter chain; firing Filter: 'LogoutFilter'
2019-12-30 12:55:11.392 DEBUG 60041 --- [http-nio-8080-exec-4] o.s.s.web.util.matcher.OrRequestMatcher  : Trying to match using Ant [pattern='/logout', GET]
2019-12-30 12:55:11.392 DEBUG 60041 --- [http-nio-8080-exec-4] o.s.s.w.u.matcher.AntPathRequestMatcher  : Checking match of request : '/quiz'; against '/logout'
2019-12-30 12:55:11.392 DEBUG 60041 --- [http-nio-8080-exec-4] o.s.s.web.util.matcher.OrRequestMatcher  : Trying to match using Ant [pattern='/logout', POST]
2019-12-30 12:55:11.392 DEBUG 60041 --- [http-nio-8080-exec-4] o.s.s.w.u.matcher.AntPathRequestMatcher  : Request 'GET /quiz' doesn't match 'POST /logout'
2019-12-30 12:55:11.392 DEBUG 60041 --- [http-nio-8080-exec-4] o.s.s.web.util.matcher.OrRequestMatcher  : Trying to match using Ant [pattern='/logout', PUT]
2019-12-30 12:55:11.392 DEBUG 60041 --- [http-nio-8080-exec-4] o.s.s.w.u.matcher.AntPathRequestMatcher  : Request 'GET /quiz' doesn't match 'PUT /logout'
2019-12-30 12:55:11.392 DEBUG 60041 --- [http-nio-8080-exec-4] o.s.s.web.util.matcher.OrRequestMatcher  : Trying to match using Ant [pattern='/logout', DELETE]
2019-12-30 12:55:11.393 DEBUG 60041 --- [http-nio-8080-exec-4] o.s.s.w.u.matcher.AntPathRequestMatcher  : Request 'GET /quiz' doesn't match 'DELETE /logout'
2019-12-30 12:55:11.393 DEBUG 60041 --- [http-nio-8080-exec-4] o.s.s.web.util.matcher.OrRequestMatcher  : No matches found
2019-12-30 12:55:11.393 DEBUG 60041 --- [http-nio-8080-exec-4] o.s.security.web.FilterChainProxy        : /quiz at position 6 of 10 in additional filter chain; firing Filter: 'RequestCacheAwareFilter'
2019-12-30 12:55:11.393 DEBUG 60041 --- [http-nio-8080-exec-4] o.s.s.w.s.HttpSessionRequestCache        : saved request doesn't match
2019-12-30 12:55:11.393 DEBUG 60041 --- [http-nio-8080-exec-4] o.s.security.web.FilterChainProxy        : /quiz at position 7 of 10 in additional filter chain; firing Filter: 'SecurityContextHolderAwareRequestFilter'
2019-12-30 12:55:11.393 DEBUG 60041 --- [http-nio-8080-exec-4] o.s.security.web.FilterChainProxy        : /quiz at position 8 of 10 in additional filter chain; firing Filter: 'AnonymousAuthenticationFilter'
2019-12-30 12:55:11.393 DEBUG 60041 --- [http-nio-8080-exec-4] o.s.s.w.a.AnonymousAuthenticationFilter  : Populated SecurityContextHolder with anonymous token: 'org.springframework.security.authentication.AnonymousAuthenticationToken@fa49f06a: Principal: anonymousUser; Credentials: [PROTECTED]; Authenticated: true; Details: org.springframework.security.web.authentication.WebAuthenticationDetails@b364: RemoteIpAddress: 0:0:0:0:0:0:0:1; SessionId: null; Granted Authorities: ROLE_ANONYMOUS'
2019-12-30 12:55:11.394 DEBUG 60041 --- [http-nio-8080-exec-4] o.s.security.web.FilterChainProxy        : /quiz at position 9 of 10 in additional filter chain; firing Filter: 'SessionManagementFilter'
2019-12-30 12:55:11.394 DEBUG 60041 --- [http-nio-8080-exec-4] o.s.security.web.FilterChainProxy        : /quiz at position 10 of 10 in additional filter chain; firing Filter: 'ExceptionTranslationFilter'
2019-12-30 12:55:11.394 DEBUG 60041 --- [http-nio-8080-exec-4] o.s.security.web.FilterChainProxy        : /quiz reached end of additional filter chain; proceeding with original chain
2019-12-30 12:55:11.403 DEBUG 60041 --- [http-nio-8080-exec-4] o.s.s.w.header.writers.HstsHeaderWriter  : Not injecting HSTS header since it did not match the requestMatcher org.springframework.security.web.header.writers.HstsHeaderWriter$SecureRequestMatcher@3ee56bca
2019-12-30 12:55:11.404 DEBUG 60041 --- [http-nio-8080-exec-4] w.c.HttpSessionSecurityContextRepository : SecurityContext is empty or contents are anonymous - context will not be stored in HttpSession.
2019-12-30 12:55:11.405 DEBUG 60041 --- [http-nio-8080-exec-4] o.s.s.w.a.ExceptionTranslationFilter     : Chain processed normally
2019-12-30 12:55:11.405 DEBUG 60041 --- [http-nio-8080-exec-4] s.s.w.c.SecurityContextPersistenceFilter : SecurityContextHolder now cleared, as request processing completed
2019-12-30 12:55:48.153 DEBUG 60041 --- [http-nio-8080-exec-5] o.s.s.w.u.matcher.AntPathRequestMatcher  : Checking match of request : '/quiz'; against '/v2/api-docs'
2019-12-30 12:55:48.170 DEBUG 60041 --- [http-nio-8080-exec-5] o.s.s.w.u.matcher.AntPathRequestMatcher  : Checking match of request : '/quiz'; against '/configuration/ui'
2019-12-30 12:55:48.171 DEBUG 60041 --- [http-nio-8080-exec-5] o.s.s.w.u.matcher.AntPathRequestMatcher  : Checking match of request : '/quiz'; against '/swagger-resources/**'
2019-12-30 12:55:48.171 DEBUG 60041 --- [http-nio-8080-exec-5] o.s.s.w.u.matcher.AntPathRequestMatcher  : Checking match of request : '/quiz'; against '/configuration/security'
2019-12-30 12:55:48.171 DEBUG 60041 --- [http-nio-8080-exec-5] o.s.s.w.u.matcher.AntPathRequestMatcher  : Checking match of request : '/quiz'; against '/swagger-ui.html'
2019-12-30 12:55:48.171 DEBUG 60041 --- [http-nio-8080-exec-5] o.s.s.w.u.matcher.AntPathRequestMatcher  : Checking match of request : '/quiz'; against '/webjars/**'
2019-12-30 12:55:48.171 DEBUG 60041 --- [http-nio-8080-exec-5] o.s.security.web.FilterChainProxy        : /quiz at position 1 of 10 in additional filter chain; firing Filter: 'WebAsyncManagerIntegrationFilter'
2019-12-30 12:55:48.171 DEBUG 60041 --- [http-nio-8080-exec-5] o.s.security.web.FilterChainProxy        : /quiz at position 2 of 10 in additional filter chain; firing Filter: 'SecurityContextPersistenceFilter'
2019-12-30 12:55:48.171 DEBUG 60041 --- [http-nio-8080-exec-5] w.c.HttpSessionSecurityContextRepository : No HttpSession currently exists
2019-12-30 12:55:48.193 DEBUG 60041 --- [http-nio-8080-exec-5] w.c.HttpSessionSecurityContextRepository : No SecurityContext was available from the HttpSession: null. A new one will be created.
2019-12-30 12:55:48.193 DEBUG 60041 --- [http-nio-8080-exec-5] o.s.security.web.FilterChainProxy        : /quiz at position 3 of 10 in additional filter chain; firing Filter: 'HeaderWriterFilter'
2019-12-30 12:55:48.194 DEBUG 60041 --- [http-nio-8080-exec-5] o.s.security.web.FilterChainProxy        : /quiz at position 4 of 10 in additional filter chain; firing Filter: 'CorsFilter'
2019-12-30 12:55:48.195 DEBUG 60041 --- [http-nio-8080-exec-5] o.s.s.w.header.writers.HstsHeaderWriter  : Not injecting HSTS header since it did not match the requestMatcher org.springframework.security.web.header.writers.HstsHeaderWriter$SecureRequestMatcher@3ee56bca
2019-12-30 12:55:48.195 DEBUG 60041 --- [http-nio-8080-exec-5] w.c.HttpSessionSecurityContextRepository : SecurityContext is empty or contents are anonymous - context will not be stored in HttpSession.
2019-12-30 12:55:48.195 DEBUG 60041 --- [http-nio-8080-exec-5] s.s.w.c.SecurityContextPersistenceFilter : SecurityContextHolder now cleared, as request processing completed
2019-12-30 12:55:48.202 DEBUG 60041 --- [http-nio-8080-exec-6] o.s.s.w.u.matcher.AntPathRequestMatcher  : Checking match of request : '/quiz'; against '/v2/api-docs'
2019-12-30 12:55:48.202 DEBUG 60041 --- [http-nio-8080-exec-6] o.s.s.w.u.matcher.AntPathRequestMatcher  : Checking match of request : '/quiz'; against '/configuration/ui'
2019-12-30 12:55:48.202 DEBUG 60041 --- [http-nio-8080-exec-6] o.s.s.w.u.matcher.AntPathRequestMatcher  : Checking match of request : '/quiz'; against '/swagger-resources/**'
2019-12-30 12:55:48.202 DEBUG 60041 --- [http-nio-8080-exec-6] o.s.s.w.u.matcher.AntPathRequestMatcher  : Checking match of request : '/quiz'; against '/configuration/security'
2019-12-30 12:55:48.202 DEBUG 60041 --- [http-nio-8080-exec-6] o.s.s.w.u.matcher.AntPathRequestMatcher  : Checking match of request : '/quiz'; against '/swagger-ui.html'
2019-12-30 12:55:48.202 DEBUG 60041 --- [http-nio-8080-exec-6] o.s.s.w.u.matcher.AntPathRequestMatcher  : Checking match of request : '/quiz'; against '/webjars/**'
2019-12-30 12:55:48.203 DEBUG 60041 --- [http-nio-8080-exec-6] o.s.security.web.FilterChainProxy        : /quiz at position 1 of 10 in additional filter chain; firing Filter: 'WebAsyncManagerIntegrationFilter'
2019-12-30 12:55:48.203 DEBUG 60041 --- [http-nio-8080-exec-6] o.s.security.web.FilterChainProxy        : /quiz at position 2 of 10 in additional filter chain; firing Filter: 'SecurityContextPersistenceFilter'
2019-12-30 12:55:48.203 DEBUG 60041 --- [http-nio-8080-exec-6] w.c.HttpSessionSecurityContextRepository : No HttpSession currently exists
2019-12-30 12:55:48.204 DEBUG 60041 --- [http-nio-8080-exec-6] w.c.HttpSessionSecurityContextRepository : No SecurityContext was available from the HttpSession: null. A new one will be created.
2019-12-30 12:55:48.204 DEBUG 60041 --- [http-nio-8080-exec-6] o.s.security.web.FilterChainProxy        : /quiz at position 3 of 10 in additional filter chain; firing Filter: 'HeaderWriterFilter'
2019-12-30 12:55:48.204 DEBUG 60041 --- [http-nio-8080-exec-6] o.s.security.web.FilterChainProxy        : /quiz at position 4 of 10 in additional filter chain; firing Filter: 'CorsFilter'
2019-12-30 12:55:48.206 DEBUG 60041 --- [http-nio-8080-exec-6] o.s.security.web.FilterChainProxy        : /quiz at position 5 of 10 in additional filter chain; firing Filter: 'LogoutFilter'
2019-12-30 12:55:48.206 DEBUG 60041 --- [http-nio-8080-exec-6] o.s.s.web.util.matcher.OrRequestMatcher  : Trying to match using Ant [pattern='/logout', GET]
2019-12-30 12:55:48.206 DEBUG 60041 --- [http-nio-8080-exec-6] o.s.s.w.u.matcher.AntPathRequestMatcher  : Request 'PUT /quiz' doesn't match 'GET /logout'
2019-12-30 12:55:48.206 DEBUG 60041 --- [http-nio-8080-exec-6] o.s.s.web.util.matcher.OrRequestMatcher  : Trying to match using Ant [pattern='/logout', POST]
2019-12-30 12:55:48.217 DEBUG 60041 --- [http-nio-8080-exec-6] o.s.s.w.u.matcher.AntPathRequestMatcher  : Request 'PUT /quiz' doesn't match 'POST /logout'
2019-12-30 12:55:48.217 DEBUG 60041 --- [http-nio-8080-exec-6] o.s.s.web.util.matcher.OrRequestMatcher  : Trying to match using Ant [pattern='/logout', PUT]
2019-12-30 12:55:48.217 DEBUG 60041 --- [http-nio-8080-exec-6] o.s.s.w.u.matcher.AntPathRequestMatcher  : Checking match of request : '/quiz'; against '/logout'
2019-12-30 12:55:48.217 DEBUG 60041 --- [http-nio-8080-exec-6] o.s.s.web.util.matcher.OrRequestMatcher  : Trying to match using Ant [pattern='/logout', DELETE]
2019-12-30 12:55:48.217 DEBUG 60041 --- [http-nio-8080-exec-6] o.s.s.w.u.matcher.AntPathRequestMatcher  : Request 'PUT /quiz' doesn't match 'DELETE /logout'
2019-12-30 12:55:48.217 DEBUG 60041 --- [http-nio-8080-exec-6] o.s.s.web.util.matcher.OrRequestMatcher  : No matches found
2019-12-30 12:55:48.217 DEBUG 60041 --- [http-nio-8080-exec-6] o.s.security.web.FilterChainProxy        : /quiz at position 6 of 10 in additional filter chain; firing Filter: 'RequestCacheAwareFilter'
2019-12-30 12:55:48.218 DEBUG 60041 --- [http-nio-8080-exec-6] o.s.s.w.s.HttpSessionRequestCache        : saved request doesn't match
2019-12-30 12:55:48.218 DEBUG 60041 --- [http-nio-8080-exec-6] o.s.security.web.FilterChainProxy        : /quiz at position 7 of 10 in additional filter chain; firing Filter: 'SecurityContextHolderAwareRequestFilter'
2019-12-30 12:55:48.218 DEBUG 60041 --- [http-nio-8080-exec-6] o.s.security.web.FilterChainProxy        : /quiz at position 8 of 10 in additional filter chain; firing Filter: 'AnonymousAuthenticationFilter'
2019-12-30 12:55:48.218 DEBUG 60041 --- [http-nio-8080-exec-6] o.s.s.w.a.AnonymousAuthenticationFilter  : Populated SecurityContextHolder with anonymous token: 'org.springframework.security.authentication.AnonymousAuthenticationToken@fa49f06a: Principal: anonymousUser; Credentials: [PROTECTED]; Authenticated: true; Details: org.springframework.security.web.authentication.WebAuthenticationDetails@b364: RemoteIpAddress: 0:0:0:0:0:0:0:1; SessionId: null; Granted Authorities: ROLE_ANONYMOUS'
2019-12-30 12:55:48.218 DEBUG 60041 --- [http-nio-8080-exec-6] o.s.security.web.FilterChainProxy        : /quiz at position 9 of 10 in additional filter chain; firing Filter: 'SessionManagementFilter'
2019-12-30 12:55:48.218 DEBUG 60041 --- [http-nio-8080-exec-6] o.s.security.web.FilterChainProxy        : /quiz at position 10 of 10 in additional filter chain; firing Filter: 'ExceptionTranslationFilter'
2019-12-30 12:55:48.218 DEBUG 60041 --- [http-nio-8080-exec-6] o.s.security.web.FilterChainProxy        : /quiz reached end of additional filter chain; proceeding with original chain
2019-12-30 12:55:48.357 DEBUG 60041 --- [http-nio-8080-exec-6] o.s.s.w.header.writers.HstsHeaderWriter  : Not injecting HSTS header since it did not match the requestMatcher org.springframework.security.web.header.writers.HstsHeaderWriter$SecureRequestMatcher@3ee56bca
2019-12-30 12:55:48.357 DEBUG 60041 --- [http-nio-8080-exec-6] w.c.HttpSessionSecurityContextRepository : SecurityContext is empty or contents are anonymous - context will not be stored in HttpSession.
2019-12-30 12:55:48.359 DEBUG 60041 --- [http-nio-8080-exec-6] o.s.s.w.a.ExceptionTranslationFilter     : Chain processed normally
2019-12-30 12:55:48.359 DEBUG 60041 --- [http-nio-8080-exec-6] s.s.w.c.SecurityContextPersistenceFilter : SecurityContextHolder now cleared, as request processing completed
2019-12-30 12:55:48.373 DEBUG 60041 --- [http-nio-8080-exec-7] o.s.s.w.u.matcher.AntPathRequestMatcher  : Checking match of request : '/quiz'; against '/v2/api-docs'
2019-12-30 12:55:48.373 DEBUG 60041 --- [http-nio-8080-exec-7] o.s.s.w.u.matcher.AntPathRequestMatcher  : Checking match of request : '/quiz'; against '/configuration/ui'
2019-12-30 12:55:48.373 DEBUG 60041 --- [http-nio-8080-exec-7] o.s.s.w.u.matcher.AntPathRequestMatcher  : Checking match of request : '/quiz'; against '/swagger-resources/**'
2019-12-30 12:55:48.373 DEBUG 60041 --- [http-nio-8080-exec-7] o.s.s.w.u.matcher.AntPathRequestMatcher  : Checking match of request : '/quiz'; against '/configuration/security'
2019-12-30 12:55:48.374 DEBUG 60041 --- [http-nio-8080-exec-7] o.s.s.w.u.matcher.AntPathRequestMatcher  : Checking match of request : '/quiz'; against '/swagger-ui.html'
2019-12-30 12:55:48.374 DEBUG 60041 --- [http-nio-8080-exec-7] o.s.s.w.u.matcher.AntPathRequestMatcher  : Checking match of request : '/quiz'; against '/webjars/**'
2019-12-30 12:55:48.374 DEBUG 60041 --- [http-nio-8080-exec-7] o.s.security.web.FilterChainProxy        : /quiz at position 1 of 10 in additional filter chain; firing Filter: 'WebAsyncManagerIntegrationFilter'
2019-12-30 12:55:48.374 DEBUG 60041 --- [http-nio-8080-exec-7] o.s.security.web.FilterChainProxy        : /quiz at position 2 of 10 in additional filter chain; firing Filter: 'SecurityContextPersistenceFilter'
2019-12-30 12:55:48.374 DEBUG 60041 --- [http-nio-8080-exec-7] w.c.HttpSessionSecurityContextRepository : No HttpSession currently exists
2019-12-30 12:55:48.375 DEBUG 60041 --- [http-nio-8080-exec-7] w.c.HttpSessionSecurityContextRepository : No SecurityContext was available from the HttpSession: null. A new one will be created.
2019-12-30 12:55:48.375 DEBUG 60041 --- [http-nio-8080-exec-7] o.s.security.web.FilterChainProxy        : /quiz at position 3 of 10 in additional filter chain; firing Filter: 'HeaderWriterFilter'
2019-12-30 12:55:48.375 DEBUG 60041 --- [http-nio-8080-exec-7] o.s.security.web.FilterChainProxy        : /quiz at position 4 of 10 in additional filter chain; firing Filter: 'CorsFilter'
2019-12-30 12:55:48.377 DEBUG 60041 --- [http-nio-8080-exec-7] o.s.security.web.FilterChainProxy        : /quiz at position 5 of 10 in additional filter chain; firing Filter: 'LogoutFilter'
2019-12-30 12:55:48.377 DEBUG 60041 --- [http-nio-8080-exec-7] o.s.s.web.util.matcher.OrRequestMatcher  : Trying to match using Ant [pattern='/logout', GET]
2019-12-30 12:55:48.377 DEBUG 60041 --- [http-nio-8080-exec-7] o.s.s.w.u.matcher.AntPathRequestMatcher  : Checking match of request : '/quiz'; against '/logout'
2019-12-30 12:55:48.377 DEBUG 60041 --- [http-nio-8080-exec-7] o.s.s.web.util.matcher.OrRequestMatcher  : Trying to match using Ant [pattern='/logout', POST]
2019-12-30 12:55:48.377 DEBUG 60041 --- [http-nio-8080-exec-7] o.s.s.w.u.matcher.AntPathRequestMatcher  : Request 'GET /quiz' doesn't match 'POST /logout'
2019-12-30 12:55:48.377 DEBUG 60041 --- [http-nio-8080-exec-7] o.s.s.web.util.matcher.OrRequestMatcher  : Trying to match using Ant [pattern='/logout', PUT]
2019-12-30 12:55:48.377 DEBUG 60041 --- [http-nio-8080-exec-7] o.s.s.w.u.matcher.AntPathRequestMatcher  : Request 'GET /quiz' doesn't match 'PUT /logout'
2019-12-30 12:55:48.378 DEBUG 60041 --- [http-nio-8080-exec-7] o.s.s.web.util.matcher.OrRequestMatcher  : Trying to match using Ant [pattern='/logout', DELETE]
2019-12-30 12:55:48.378 DEBUG 60041 --- [http-nio-8080-exec-7] o.s.s.w.u.matcher.AntPathRequestMatcher  : Request 'GET /quiz' doesn't match 'DELETE /logout'
2019-12-30 12:55:48.378 DEBUG 60041 --- [http-nio-8080-exec-7] o.s.s.web.util.matcher.OrRequestMatcher  : No matches found
2019-12-30 12:55:48.378 DEBUG 60041 --- [http-nio-8080-exec-7] o.s.security.web.FilterChainProxy        : /quiz at position 6 of 10 in additional filter chain; firing Filter: 'RequestCacheAwareFilter'
2019-12-30 12:55:48.378 DEBUG 60041 --- [http-nio-8080-exec-7] o.s.s.w.s.HttpSessionRequestCache        : saved request doesn't match
2019-12-30 12:55:48.378 DEBUG 60041 --- [http-nio-8080-exec-7] o.s.security.web.FilterChainProxy        : /quiz at position 7 of 10 in additional filter chain; firing Filter: 'SecurityContextHolderAwareRequestFilter'
2019-12-30 12:55:48.378 DEBUG 60041 --- [http-nio-8080-exec-7] o.s.security.web.FilterChainProxy        : /quiz at position 8 of 10 in additional filter chain; firing Filter: 'AnonymousAuthenticationFilter'
2019-12-30 12:55:48.378 DEBUG 60041 --- [http-nio-8080-exec-7] o.s.s.w.a.AnonymousAuthenticationFilter  : Populated SecurityContextHolder with anonymous token: 'org.springframework.security.authentication.AnonymousAuthenticationToken@fa49f06a: Principal: anonymousUser; Credentials: [PROTECTED]; Authenticated: true; Details: org.springframework.security.web.authentication.WebAuthenticationDetails@b364: RemoteIpAddress: 0:0:0:0:0:0:0:1; SessionId: null; Granted Authorities: ROLE_ANONYMOUS'
2019-12-30 12:55:48.385 DEBUG 60041 --- [http-nio-8080-exec-7] o.s.security.web.FilterChainProxy        : /quiz at position 9 of 10 in additional filter chain; firing Filter: 'SessionManagementFilter'
2019-12-30 12:55:48.385 DEBUG 60041 --- [http-nio-8080-exec-7] o.s.security.web.FilterChainProxy        : /quiz at position 10 of 10 in additional filter chain; firing Filter: 'ExceptionTranslationFilter'
2019-12-30 12:55:48.385 DEBUG 60041 --- [http-nio-8080-exec-7] o.s.security.web.FilterChainProxy        : /quiz reached end of additional filter chain; proceeding with original chain
2019-12-30 12:55:48.395 DEBUG 60041 --- [http-nio-8080-exec-7] o.s.s.w.header.writers.HstsHeaderWriter  : Not injecting HSTS header since it did not match the requestMatcher org.springframework.security.web.header.writers.HstsHeaderWriter$SecureRequestMatcher@3ee56bca
2019-12-30 12:55:48.395 DEBUG 60041 --- [http-nio-8080-exec-7] w.c.HttpSessionSecurityContextRepository : SecurityContext is empty or contents are anonymous - context will not be stored in HttpSession.
2019-12-30 12:55:48.396 DEBUG 60041 --- [http-nio-8080-exec-7] o.s.s.w.a.ExceptionTranslationFilter     : Chain processed normally
2019-12-30 12:55:48.396 DEBUG 60041 --- [http-nio-8080-exec-7] s.s.w.c.SecurityContextPersistenceFilter : SecurityContextHolder now cleared, as request processing completed
2019-12-30 12:56:18.980  INFO 60041 --- [Thread-5] o.s.c.ehcache.EhCacheManagerFactoryBean  : Shutting down EhCache CacheManager
2019-12-30 12:56:19.128  INFO 60041 --- [Thread-5] j.LocalContainerEntityManagerFactoryBean : Closing JPA EntityManagerFactory for persistence unit 'default'
2019-12-30 12:56:19.129  INFO 60041 --- [Thread-5] .SchemaDropperImpl$DelayedDropActionImpl : HHH000477: Starting delayed evictData of schema as part of SessionFactory shut-down'
2019-12-30 12:56:19.309  INFO 60041 --- [Thread-5] com.zaxxer.hikari.HikariDataSource       : HikariPool-1 - Shutdown initiated...
2019-12-30 12:56:19.325  INFO 60041 --- [Thread-5] com.zaxxer.hikari.HikariDataSource       : HikariPool-1 - Shutdown completed.
